	...Creating new working directory and empty files
val: 0.32 [60.00/187.00 (32.09%)]	Loss: 5003.67	Error: 62.43
val: 0.64 [120.00/187.00 (64.17%)]	Loss: 4813.79	Error: 61.59
val: 0.96 [180.00/187.00 (96.26%)]	Loss: 5142.10	Error: 63.69
val: 1.00 [187.00/187.00 (100.00%)]	Loss: 4859.08	Error: 62.66
val loss: tensor(19818.6406, device='cuda:0')

train: 0.11 [60.00/560.00 (10.71%)]	Loss: 5055.96	Error: 62.86
train: 0.21 [120.00/560.00 (21.43%)]	Loss: 4981.69	Error: 63.07
train: 0.32 [180.00/560.00 (32.14%)]	Loss: 4797.94	Error: 61.32
train: 0.43 [240.00/560.00 (42.86%)]	Loss: 4694.29	Error: 60.70
train: 0.54 [300.00/560.00 (53.57%)]	Loss: 4758.32	Error: 60.95
train: 0.64 [360.00/560.00 (64.29%)]	Loss: 4564.95	Error: 59.43
train: 0.75 [420.00/560.00 (75.00%)]	Loss: 4571.81	Error: 59.35
train: 0.86 [480.00/560.00 (85.71%)]	Loss: 4419.94	Error: 58.39
train: 0.96 [540.00/560.00 (96.43%)]	Loss: 4393.67	Error: 57.69
train: 1.00 [560.00/560.00 (100.00%)]	Loss: 4423.68	Error: 56.70
train loss: 46662.2578125

val: 0.32 [60.00/187.00 (32.09%)]	Loss: 3245.96	Error: 48.46
val: 0.64 [120.00/187.00 (64.17%)]	Loss: 3197.53	Error: 47.67
val: 0.96 [180.00/187.00 (96.26%)]	Loss: 3222.32	Error: 47.98
val: 1.00 [187.00/187.00 (100.00%)]	Loss: 3023.13	Error: 46.29
val loss: 12688.939453125

Saving State Dict: new best loss is tensor(12688.9395, device='cuda:0')

train: 1.11 [60.00/560.00 (10.71%)]	Loss: 4083.00	Error: 55.24
train: 1.21 [120.00/560.00 (21.43%)]	Loss: 4077.45	Error: 55.50
train: 1.32 [180.00/560.00 (32.14%)]	Loss: 3987.87	Error: 54.29
train: 1.43 [240.00/560.00 (42.86%)]	Loss: 3828.97	Error: 53.22
train: 1.54 [300.00/560.00 (53.57%)]	Loss: 3767.69	Error: 52.89
train: 1.64 [360.00/560.00 (64.29%)]	Loss: 3652.11	Error: 52.36
train: 1.75 [420.00/560.00 (75.00%)]	Loss: 3531.75	Error: 51.15
train: 1.86 [480.00/560.00 (85.71%)]	Loss: 3587.67	Error: 51.47
train: 1.96 [540.00/560.00 (96.43%)]	Loss: 3386.63	Error: 50.16
train: 2.00 [560.00/560.00 (100.00%)]	Loss: 3210.95	Error: 49.15
train loss: 37114.07421875

val: 1.32 [60.00/187.00 (32.09%)]	Loss: 3566.43	Error: 50.58
val: 1.64 [120.00/187.00 (64.17%)]	Loss: 3531.31	Error: 50.20
val: 1.96 [180.00/187.00 (96.26%)]	Loss: 3433.45	Error: 50.54
val: 2.00 [187.00/187.00 (100.00%)]	Loss: 3180.07	Error: 49.06
val loss: 13711.255859375

train: 2.11 [60.00/560.00 (10.71%)]	Loss: 3172.63	Error: 47.78
train: 2.21 [120.00/560.00 (21.43%)]	Loss: 3130.40	Error: 47.55
train: 2.32 [180.00/560.00 (32.14%)]	Loss: 3167.45	Error: 47.89
train: 2.43 [240.00/560.00 (42.86%)]	Loss: 3192.12	Error: 47.90
train: 2.54 [300.00/560.00 (53.57%)]	Loss: 2976.35	Error: 46.67
train: 2.64 [360.00/560.00 (64.29%)]	Loss: 2682.85	Error: 44.04
train: 2.75 [420.00/560.00 (75.00%)]	Loss: 2753.53	Error: 44.01
train: 2.86 [480.00/560.00 (85.71%)]	Loss: 2702.30	Error: 43.60
train: 2.96 [540.00/560.00 (96.43%)]	Loss: 2718.01	Error: 43.48
train: 3.00 [560.00/560.00 (100.00%)]	Loss: 2406.28	Error: 40.88
train loss: 28901.9140625

val: 2.32 [60.00/187.00 (32.09%)]	Loss: 2479.42	Error: 41.51
val: 2.64 [120.00/187.00 (64.17%)]	Loss: 2569.60	Error: 41.90
val: 2.96 [180.00/187.00 (96.26%)]	Loss: 2442.33	Error: 40.52
val: 3.00 [187.00/187.00 (100.00%)]	Loss: 2635.88	Error: 42.24
val loss: 10127.2353515625

Saving State Dict: new best loss is tensor(10127.2354, device='cuda:0')

train: 3.11 [60.00/560.00 (10.71%)]	Loss: 2534.29	Error: 42.19
train: 3.21 [120.00/560.00 (21.43%)]	Loss: 2315.76	Error: 39.98
train: 3.32 [180.00/560.00 (32.14%)]	Loss: 2321.84	Error: 39.88
train: 3.43 [240.00/560.00 (42.86%)]	Loss: 2214.22	Error: 38.65
train: 3.54 [300.00/560.00 (53.57%)]	Loss: 2323.39	Error: 39.40
train: 3.64 [360.00/560.00 (64.29%)]	Loss: 2057.16	Error: 37.19
train: 3.75 [420.00/560.00 (75.00%)]	Loss: 2044.62	Error: 36.82
train: 3.86 [480.00/560.00 (85.71%)]	Loss: 1993.98	Error: 35.97
train: 3.96 [540.00/560.00 (96.43%)]	Loss: 1858.03	Error: 35.03
train: 4.00 [560.00/560.00 (100.00%)]	Loss: 1775.31	Error: 33.97
train loss: 21438.6171875

val: 3.32 [60.00/187.00 (32.09%)]	Loss: 1483.12	Error: 30.58
val: 3.64 [120.00/187.00 (64.17%)]	Loss: 1455.41	Error: 29.88
val: 3.96 [180.00/187.00 (96.26%)]	Loss: 1509.91	Error: 30.66
val: 4.00 [187.00/187.00 (100.00%)]	Loss: 1225.86	Error: 27.59
val loss: 5674.29345703125

Saving State Dict: new best loss is tensor(5674.2935, device='cuda:0')

train: 4.11 [60.00/560.00 (10.71%)]	Loss: 1737.40	Error: 33.16
train: 4.21 [120.00/560.00 (21.43%)]	Loss: 1745.75	Error: 33.20
train: 4.32 [180.00/560.00 (32.14%)]	Loss: 1733.67	Error: 33.39
train: 4.43 [240.00/560.00 (42.86%)]	Loss: 1714.11	Error: 32.91
train: 4.54 [300.00/560.00 (53.57%)]	Loss: 1698.53	Error: 33.34
train: 4.64 [360.00/560.00 (64.29%)]	Loss: 1507.47	Error: 30.68
train: 4.75 [420.00/560.00 (75.00%)]	Loss: 1516.29	Error: 30.55
train: 4.86 [480.00/560.00 (85.71%)]	Loss: 1464.95	Error: 29.78
train: 4.96 [540.00/560.00 (96.43%)]	Loss: 1341.19	Error: 28.64
train: 5.00 [560.00/560.00 (100.00%)]	Loss: 1313.80	Error: 28.36
train loss: 15773.1669921875

val: 4.32 [60.00/187.00 (32.09%)]	Loss: 1722.22	Error: 33.18
val: 4.64 [120.00/187.00 (64.17%)]	Loss: 1735.53	Error: 33.82
val: 4.96 [180.00/187.00 (96.26%)]	Loss: 1644.76	Error: 32.45
val: 5.00 [187.00/187.00 (100.00%)]	Loss: 1774.44	Error: 34.21
val loss: 6876.95849609375

train: 5.11 [60.00/560.00 (10.71%)]	Loss: 1338.34	Error: 28.46
train: 5.21 [120.00/560.00 (21.43%)]	Loss: 1277.16	Error: 27.94
train: 5.32 [180.00/560.00 (32.14%)]	Loss: 1244.33	Error: 27.27
train: 5.43 [240.00/560.00 (42.86%)]	Loss: 1166.81	Error: 25.99
train: 5.54 [300.00/560.00 (53.57%)]	Loss: 1093.78	Error: 25.10
train: 5.64 [360.00/560.00 (64.29%)]	Loss: 1092.96	Error: 25.05
train: 5.75 [420.00/560.00 (75.00%)]	Loss: 961.98	Error: 23.27
train: 5.86 [480.00/560.00 (85.71%)]	Loss: 913.98	Error: 22.74
train: 5.96 [540.00/560.00 (96.43%)]	Loss: 953.36	Error: 23.09
train: 6.00 [560.00/560.00 (100.00%)]	Loss: 968.18	Error: 23.40
train loss: 11010.8974609375

val: 5.32 [60.00/187.00 (32.09%)]	Loss: 1010.77	Error: 23.68
val: 5.64 [120.00/187.00 (64.17%)]	Loss: 1004.95	Error: 23.67
val: 5.96 [180.00/187.00 (96.26%)]	Loss: 1006.02	Error: 23.72
val: 6.00 [187.00/187.00 (100.00%)]	Loss: 1135.37	Error: 26.31
val loss: 4157.107421875

Saving State Dict: new best loss is tensor(4157.1074, device='cuda:0')

train: 6.11 [60.00/560.00 (10.71%)]	Loss: 899.67	Error: 22.20
train: 6.21 [120.00/560.00 (21.43%)]	Loss: 872.49	Error: 21.82
train: 6.32 [180.00/560.00 (32.14%)]	Loss: 825.28	Error: 21.16
train: 6.43 [240.00/560.00 (42.86%)]	Loss: 809.85	Error: 20.91
train: 6.54 [300.00/560.00 (53.57%)]	Loss: 768.54	Error: 20.23
train: 6.64 [360.00/560.00 (64.29%)]	Loss: 720.35	Error: 19.74
train: 6.75 [420.00/560.00 (75.00%)]	Loss: 671.45	Error: 18.95
train: 6.86 [480.00/560.00 (85.71%)]	Loss: 628.11	Error: 18.24
train: 6.96 [540.00/560.00 (96.43%)]	Loss: 675.99	Error: 18.77
train: 7.00 [560.00/560.00 (100.00%)]	Loss: 695.33	Error: 19.13
train loss: 7567.0615234375

val: 6.32 [60.00/187.00 (32.09%)]	Loss: 770.18	Error: 20.44
val: 6.64 [120.00/187.00 (64.17%)]	Loss: 729.25	Error: 19.89
val: 6.96 [180.00/187.00 (96.26%)]	Loss: 777.95	Error: 20.65
val: 7.00 [187.00/187.00 (100.00%)]	Loss: 667.17	Error: 18.62
val loss: 2944.55029296875

Saving State Dict: new best loss is tensor(2944.5503, device='cuda:0')

train: 7.11 [60.00/560.00 (10.71%)]	Loss: 597.70	Error: 17.30
train: 7.21 [120.00/560.00 (21.43%)]	Loss: 596.55	Error: 17.63
train: 7.32 [180.00/560.00 (32.14%)]	Loss: 565.27	Error: 16.64
train: 7.43 [240.00/560.00 (42.86%)]	Loss: 516.19	Error: 16.18
train: 7.54 [300.00/560.00 (53.57%)]	Loss: 508.54	Error: 15.80
train: 7.64 [360.00/560.00 (64.29%)]	Loss: 562.94	Error: 17.06
train: 7.75 [420.00/560.00 (75.00%)]	Loss: 517.72	Error: 16.14
train: 7.86 [480.00/560.00 (85.71%)]	Loss: 487.61	Error: 15.72
train: 7.96 [540.00/560.00 (96.43%)]	Loss: 430.81	Error: 14.55
train: 8.00 [560.00/560.00 (100.00%)]	Loss: 527.48	Error: 16.65
train loss: 5310.80615234375

val: 7.32 [60.00/187.00 (32.09%)]	Loss: 679.94	Error: 19.34
val: 7.64 [120.00/187.00 (64.17%)]	Loss: 669.90	Error: 19.46
val: 7.96 [180.00/187.00 (96.26%)]	Loss: 658.96	Error: 19.29
val: 8.00 [187.00/187.00 (100.00%)]	Loss: 739.59	Error: 20.33
val loss: 2748.380126953125

Saving State Dict: new best loss is tensor(2748.3801, device='cuda:0')

train: 8.11 [60.00/560.00 (10.71%)]	Loss: 483.22	Error: 15.52
train: 8.21 [120.00/560.00 (21.43%)]	Loss: 395.33	Error: 14.07
train: 8.32 [180.00/560.00 (32.14%)]	Loss: 415.61	Error: 14.23
train: 8.43 [240.00/560.00 (42.86%)]	Loss: 407.68	Error: 14.09
train: 8.54 [300.00/560.00 (53.57%)]	Loss: 363.63	Error: 13.73
train: 8.64 [360.00/560.00 (64.29%)]	Loss: 346.21	Error: 13.31
train: 8.75 [420.00/560.00 (75.00%)]	Loss: 315.34	Error: 12.45
train: 8.86 [480.00/560.00 (85.71%)]	Loss: 346.77	Error: 13.47
train: 8.96 [540.00/560.00 (96.43%)]	Loss: 332.96	Error: 13.21
train: 9.00 [560.00/560.00 (100.00%)]	Loss: 321.00	Error: 12.84
train loss: 3727.752685546875

val: 8.32 [60.00/187.00 (32.09%)]	Loss: 336.53	Error: 13.33
val: 8.64 [120.00/187.00 (64.17%)]	Loss: 315.65	Error: 12.96
val: 8.96 [180.00/187.00 (96.26%)]	Loss: 331.11	Error: 13.12
val: 9.00 [187.00/187.00 (100.00%)]	Loss: 376.90	Error: 14.56
val loss: 1360.1947021484375

Saving State Dict: new best loss is tensor(1360.1947, device='cuda:0')

train: 9.11 [60.00/560.00 (10.71%)]	Loss: 317.34	Error: 12.92
train: 9.21 [120.00/560.00 (21.43%)]	Loss: 296.80	Error: 12.66
train: 9.32 [180.00/560.00 (32.14%)]	Loss: 282.22	Error: 12.33
train: 9.43 [240.00/560.00 (42.86%)]	Loss: 289.78	Error: 12.54
train: 9.54 [300.00/560.00 (53.57%)]	Loss: 262.74	Error: 11.78
train: 9.64 [360.00/560.00 (64.29%)]	Loss: 282.87	Error: 12.59
train: 9.75 [420.00/560.00 (75.00%)]	Loss: 279.82	Error: 11.90
train: 9.86 [480.00/560.00 (85.71%)]	Loss: 255.12	Error: 11.83
train: 9.96 [540.00/560.00 (96.43%)]	Loss: 238.62	Error: 11.44
train: 10.00 [560.00/560.00 (100.00%)]	Loss: 240.67	Error: 11.15
train loss: 2745.972412109375

val: 9.32 [60.00/187.00 (32.09%)]	Loss: 202.63	Error: 11.03
val: 9.64 [120.00/187.00 (64.17%)]	Loss: 228.86	Error: 11.79
val: 9.96 [180.00/187.00 (96.26%)]	Loss: 205.77	Error: 10.90
val: 10.00 [187.00/187.00 (100.00%)]	Loss: 247.93	Error: 12.60
val loss: 885.203125

Saving State Dict: new best loss is tensor(885.2031, device='cuda:0')

train: 10.11 [60.00/560.00 (10.71%)]	Loss: 204.59	Error: 10.47
train: 10.21 [120.00/560.00 (21.43%)]	Loss: 269.41	Error: 11.63
train: 10.32 [180.00/560.00 (32.14%)]	Loss: 219.01	Error: 11.14
train: 10.43 [240.00/560.00 (42.86%)]	Loss: 247.43	Error: 11.85
train: 10.54 [300.00/560.00 (53.57%)]	Loss: 188.33	Error: 10.34
train: 10.64 [360.00/560.00 (64.29%)]	Loss: 235.43	Error: 11.79
train: 10.75 [420.00/560.00 (75.00%)]	Loss: 220.71	Error: 11.53
train: 10.86 [480.00/560.00 (85.71%)]	Loss: 199.37	Error: 10.55
train: 10.96 [540.00/560.00 (96.43%)]	Loss: 169.73	Error: 9.89
train: 11.00 [560.00/560.00 (100.00%)]	Loss: 218.11	Error: 11.17
train loss: 2172.12744140625

val: 10.32 [60.00/187.00 (32.09%)]	Loss: 179.42	Error: 9.98
val: 10.64 [120.00/187.00 (64.17%)]	Loss: 172.26	Error: 10.09
val: 10.96 [180.00/187.00 (96.26%)]	Loss: 186.58	Error: 10.56
val: 11.00 [187.00/187.00 (100.00%)]	Loss: 167.48	Error: 9.55
val loss: 705.7265625

Saving State Dict: new best loss is tensor(705.7266, device='cuda:0')

train: 11.11 [60.00/560.00 (10.71%)]	Loss: 184.59	Error: 10.14
train: 11.21 [120.00/560.00 (21.43%)]	Loss: 186.23	Error: 10.41
train: 11.32 [180.00/560.00 (32.14%)]	Loss: 183.60	Error: 10.21
train: 11.43 [240.00/560.00 (42.86%)]	Loss: 158.70	Error: 9.45
train: 11.54 [300.00/560.00 (53.57%)]	Loss: 145.51	Error: 9.26
train: 11.64 [360.00/560.00 (64.29%)]	Loss: 145.85	Error: 9.32
train: 11.75 [420.00/560.00 (75.00%)]	Loss: 155.61	Error: 9.68
train: 11.86 [480.00/560.00 (85.71%)]	Loss: 168.44	Error: 10.18
train: 11.96 [540.00/560.00 (96.43%)]	Loss: 214.15	Error: 10.23
train: 12.00 [560.00/560.00 (100.00%)]	Loss: 151.95	Error: 9.53
train loss: 1694.6259765625

val: 11.32 [60.00/187.00 (32.09%)]	Loss: 181.07	Error: 9.92
val: 11.64 [120.00/187.00 (64.17%)]	Loss: 160.18	Error: 9.51
val: 11.96 [180.00/187.00 (96.26%)]	Loss: 164.75	Error: 9.64
val: 12.00 [187.00/187.00 (100.00%)]	Loss: 132.91	Error: 8.71
val loss: 638.9179077148438

Saving State Dict: new best loss is tensor(638.9179, device='cuda:0')

train: 12.11 [60.00/560.00 (10.71%)]	Loss: 148.91	Error: 9.35
train: 12.21 [120.00/560.00 (21.43%)]	Loss: 136.07	Error: 9.02
train: 12.32 [180.00/560.00 (32.14%)]	Loss: 137.78	Error: 8.97
train: 12.43 [240.00/560.00 (42.86%)]	Loss: 153.47	Error: 9.22
train: 12.54 [300.00/560.00 (53.57%)]	Loss: 143.60	Error: 8.91
train: 12.64 [360.00/560.00 (64.29%)]	Loss: 161.77	Error: 9.65
train: 12.75 [420.00/560.00 (75.00%)]	Loss: 148.12	Error: 9.26
train: 12.86 [480.00/560.00 (85.71%)]	Loss: 135.23	Error: 8.93
train: 12.96 [540.00/560.00 (96.43%)]	Loss: 130.67	Error: 8.83
train: 13.00 [560.00/560.00 (100.00%)]	Loss: 283.02	Error: 11.07
train loss: 1578.65087890625

val: 12.32 [60.00/187.00 (32.09%)]	Loss: 127.74	Error: 8.58
val: 12.64 [120.00/187.00 (64.17%)]	Loss: 154.98	Error: 9.46
val: 12.96 [180.00/187.00 (96.26%)]	Loss: 148.34	Error: 9.14
val: 13.00 [187.00/187.00 (100.00%)]	Loss: 122.28	Error: 8.50
val loss: 553.3366088867188

Saving State Dict: new best loss is tensor(553.3366, device='cuda:0')

train: 13.11 [60.00/560.00 (10.71%)]	Loss: 134.59	Error: 8.80
train: 13.21 [120.00/560.00 (21.43%)]	Loss: 148.77	Error: 9.37
train: 13.32 [180.00/560.00 (32.14%)]	Loss: 152.43	Error: 8.49
train: 13.43 [240.00/560.00 (42.86%)]	Loss: 163.04	Error: 9.71
train: 13.54 [300.00/560.00 (53.57%)]	Loss: 140.10	Error: 9.00
train: 13.64 [360.00/560.00 (64.29%)]	Loss: 141.72	Error: 9.14
train: 13.75 [420.00/560.00 (75.00%)]	Loss: 152.46	Error: 9.21
train: 13.86 [480.00/560.00 (85.71%)]	Loss: 141.51	Error: 9.06
train: 13.96 [540.00/560.00 (96.43%)]	Loss: 129.37	Error: 8.59
train: 14.00 [560.00/560.00 (100.00%)]	Loss: 159.49	Error: 9.59
train loss: 1463.489501953125

val: 13.32 [60.00/187.00 (32.09%)]	Loss: 145.28	Error: 8.90
val: 13.64 [120.00/187.00 (64.17%)]	Loss: 142.53	Error: 9.21
val: 13.96 [180.00/187.00 (96.26%)]	Loss: 137.42	Error: 9.01
val: 14.00 [187.00/187.00 (100.00%)]	Loss: 152.89	Error: 9.43
val loss: 578.1212158203125

train: 14.11 [60.00/560.00 (10.71%)]	Loss: 126.72	Error: 8.44
train: 14.21 [120.00/560.00 (21.43%)]	Loss: 134.69	Error: 8.78
train: 14.32 [180.00/560.00 (32.14%)]	Loss: 134.91	Error: 8.67
train: 14.43 [240.00/560.00 (42.86%)]	Loss: 137.73	Error: 9.02
train: 14.54 [300.00/560.00 (53.57%)]	Loss: 127.97	Error: 8.56
train: 14.64 [360.00/560.00 (64.29%)]	Loss: 134.98	Error: 8.66
train: 14.75 [420.00/560.00 (75.00%)]	Loss: 124.02	Error: 8.23
train: 14.86 [480.00/560.00 (85.71%)]	Loss: 186.69	Error: 9.37
train: 14.96 [540.00/560.00 (96.43%)]	Loss: 135.77	Error: 8.49
train: 15.00 [560.00/560.00 (100.00%)]	Loss: 140.35	Error: 8.65
train loss: 1383.8333740234375

val: 14.32 [60.00/187.00 (32.09%)]	Loss: 129.90	Error: 8.53
val: 14.64 [120.00/187.00 (64.17%)]	Loss: 135.32	Error: 8.81
val: 14.96 [180.00/187.00 (96.26%)]	Loss: 137.32	Error: 9.00
val: 15.00 [187.00/187.00 (100.00%)]	Loss: 73.49	Error: 6.51
val loss: 476.02734375

Saving State Dict: new best loss is tensor(476.0273, device='cuda:0')

train: 15.11 [60.00/560.00 (10.71%)]	Loss: 141.30	Error: 8.74
train: 15.21 [120.00/560.00 (21.43%)]	Loss: 113.47	Error: 8.02
train: 15.32 [180.00/560.00 (32.14%)]	Loss: 119.54	Error: 8.33
train: 15.43 [240.00/560.00 (42.86%)]	Loss: 124.18	Error: 8.30
train: 15.54 [300.00/560.00 (53.57%)]	Loss: 182.38	Error: 9.29
train: 15.64 [360.00/560.00 (64.29%)]	Loss: 136.74	Error: 8.56
train: 15.75 [420.00/560.00 (75.00%)]	Loss: 129.78	Error: 8.45
train: 15.86 [480.00/560.00 (85.71%)]	Loss: 126.63	Error: 8.39
train: 15.96 [540.00/560.00 (96.43%)]	Loss: 108.05	Error: 7.82
train: 16.00 [560.00/560.00 (100.00%)]	Loss: 123.70	Error: 8.31
train loss: 1305.759765625

val: 15.32 [60.00/187.00 (32.09%)]	Loss: 129.85	Error: 8.82
val: 15.64 [120.00/187.00 (64.17%)]	Loss: 118.80	Error: 7.97
val: 15.96 [180.00/187.00 (96.26%)]	Loss: 122.26	Error: 8.54
val: 16.00 [187.00/187.00 (100.00%)]	Loss: 110.19	Error: 8.11
val loss: 481.1013488769531

train: 16.11 [60.00/560.00 (10.71%)]	Loss: 166.53	Error: 8.72
train: 16.21 [120.00/560.00 (21.43%)]	Loss: 112.27	Error: 7.88
train: 16.32 [180.00/560.00 (32.14%)]	Loss: 97.29	Error: 7.35
train: 16.43 [240.00/560.00 (42.86%)]	Loss: 132.94	Error: 8.84
train: 16.54 [300.00/560.00 (53.57%)]	Loss: 110.68	Error: 7.74
train: 16.64 [360.00/560.00 (64.29%)]	Loss: 108.71	Error: 7.51
train: 16.75 [420.00/560.00 (75.00%)]	Loss: 117.54	Error: 7.98
train: 16.86 [480.00/560.00 (85.71%)]	Loss: 137.16	Error: 8.86
train: 16.96 [540.00/560.00 (96.43%)]	Loss: 133.95	Error: 8.36
train: 17.00 [560.00/560.00 (100.00%)]	Loss: 113.18	Error: 8.17
train loss: 1230.2530517578125

val: 16.32 [60.00/187.00 (32.09%)]	Loss: 118.90	Error: 8.02
val: 16.64 [120.00/187.00 (64.17%)]	Loss: 113.99	Error: 7.95
val: 16.96 [180.00/187.00 (96.26%)]	Loss: 113.94	Error: 8.13
val: 17.00 [187.00/187.00 (100.00%)]	Loss: 115.35	Error: 8.59
val loss: 462.179931640625

Saving State Dict: new best loss is tensor(462.1799, device='cuda:0')

train: 17.11 [60.00/560.00 (10.71%)]	Loss: 123.74	Error: 8.29
train: 17.21 [120.00/560.00 (21.43%)]	Loss: 118.03	Error: 8.02
train: 17.32 [180.00/560.00 (32.14%)]	Loss: 126.29	Error: 8.29
train: 17.43 [240.00/560.00 (42.86%)]	Loss: 105.91	Error: 7.89
train: 17.54 [300.00/560.00 (53.57%)]	Loss: 115.31	Error: 7.83
train: 17.64 [360.00/560.00 (64.29%)]	Loss: 117.50	Error: 7.75
train: 17.75 [420.00/560.00 (75.00%)]	Loss: 182.79	Error: 9.32
train: 17.86 [480.00/560.00 (85.71%)]	Loss: 99.11	Error: 7.45
train: 17.96 [540.00/560.00 (96.43%)]	Loss: 95.46	Error: 7.35
train: 18.00 [560.00/560.00 (100.00%)]	Loss: 110.02	Error: 8.01
train loss: 1194.151123046875

val: 17.32 [60.00/187.00 (32.09%)]	Loss: 132.90	Error: 8.69
val: 17.64 [120.00/187.00 (64.17%)]	Loss: 131.54	Error: 8.69
val: 17.96 [180.00/187.00 (96.26%)]	Loss: 133.08	Error: 8.54
val: 18.00 [187.00/187.00 (100.00%)]	Loss: 157.76	Error: 9.60
val loss: 555.28466796875

train: 18.11 [60.00/560.00 (10.71%)]	Loss: 117.00	Error: 8.16
train: 18.21 [120.00/560.00 (21.43%)]	Loss: 98.56	Error: 7.56
train: 18.32 [180.00/560.00 (32.14%)]	Loss: 128.08	Error: 8.16
train: 18.43 [240.00/560.00 (42.86%)]	Loss: 132.52	Error: 8.60
train: 18.54 [300.00/560.00 (53.57%)]	Loss: 121.54	Error: 7.88
train: 18.64 [360.00/560.00 (64.29%)]	Loss: 155.94	Error: 8.31
train: 18.75 [420.00/560.00 (75.00%)]	Loss: 96.56	Error: 7.33
train: 18.86 [480.00/560.00 (85.71%)]	Loss: 99.37	Error: 7.32
train: 18.96 [540.00/560.00 (96.43%)]	Loss: 100.39	Error: 7.73
train: 19.00 [560.00/560.00 (100.00%)]	Loss: 129.54	Error: 8.21
train loss: 1179.49755859375

val: 18.32 [60.00/187.00 (32.09%)]	Loss: 109.13	Error: 7.71
val: 18.64 [120.00/187.00 (64.17%)]	Loss: 89.83	Error: 7.08
val: 18.96 [180.00/187.00 (96.26%)]	Loss: 116.43	Error: 7.94
val: 19.00 [187.00/187.00 (100.00%)]	Loss: 89.94	Error: 7.69
val loss: 405.32318115234375

Saving State Dict: new best loss is tensor(405.3232, device='cuda:0')

train: 19.11 [60.00/560.00 (10.71%)]	Loss: 106.73	Error: 7.30
train: 19.21 [120.00/560.00 (21.43%)]	Loss: 99.65	Error: 7.53
train: 19.32 [180.00/560.00 (32.14%)]	Loss: 104.00	Error: 7.42
train: 19.43 [240.00/560.00 (42.86%)]	Loss: 106.26	Error: 7.49
train: 19.54 [300.00/560.00 (53.57%)]	Loss: 89.37	Error: 7.19
train: 19.64 [360.00/560.00 (64.29%)]	Loss: 95.41	Error: 7.49
train: 19.75 [420.00/560.00 (75.00%)]	Loss: 106.28	Error: 7.30
train: 19.86 [480.00/560.00 (85.71%)]	Loss: 136.72	Error: 7.73
train: 19.96 [540.00/560.00 (96.43%)]	Loss: 103.93	Error: 7.18
train: 20.00 [560.00/560.00 (100.00%)]	Loss: 121.86	Error: 8.26
train loss: 1070.206298828125

val: 19.32 [60.00/187.00 (32.09%)]	Loss: 109.68	Error: 7.62
val: 19.64 [120.00/187.00 (64.17%)]	Loss: 116.19	Error: 8.14
val: 19.96 [180.00/187.00 (96.26%)]	Loss: 115.08	Error: 7.83
val: 20.00 [187.00/187.00 (100.00%)]	Loss: 93.31	Error: 7.06
val loss: 434.2691650390625

train: 20.11 [60.00/560.00 (10.71%)]	Loss: 143.74	Error: 7.83
train: 20.21 [120.00/560.00 (21.43%)]	Loss: 98.66	Error: 7.21
train: 20.32 [180.00/560.00 (32.14%)]	Loss: 86.36	Error: 6.99
train: 20.43 [240.00/560.00 (42.86%)]	Loss: 90.13	Error: 6.99
train: 20.54 [300.00/560.00 (53.57%)]	Loss: 129.37	Error: 8.50
train: 20.64 [360.00/560.00 (64.29%)]	Loss: 96.50	Error: 6.99
train: 20.75 [420.00/560.00 (75.00%)]	Loss: 90.62	Error: 7.02
train: 20.86 [480.00/560.00 (85.71%)]	Loss: 90.78	Error: 6.94
train: 20.96 [540.00/560.00 (96.43%)]	Loss: 83.89	Error: 6.58
train: 21.00 [560.00/560.00 (100.00%)]	Loss: 65.34	Error: 6.18
train loss: 975.3790283203125

val: 20.32 [60.00/187.00 (32.09%)]	Loss: 99.68	Error: 7.33
val: 20.64 [120.00/187.00 (64.17%)]	Loss: 112.44	Error: 7.60
val: 20.96 [180.00/187.00 (96.26%)]	Loss: 112.64	Error: 7.71
val: 21.00 [187.00/187.00 (100.00%)]	Loss: 64.17	Error: 5.95
val loss: 388.9364013671875

Saving State Dict: new best loss is tensor(388.9364, device='cuda:0')

train: 21.11 [60.00/560.00 (10.71%)]	Loss: 101.40	Error: 7.42
train: 21.21 [120.00/560.00 (21.43%)]	Loss: 84.43	Error: 6.79
train: 21.32 [180.00/560.00 (32.14%)]	Loss: 113.51	Error: 7.61
train: 21.43 [240.00/560.00 (42.86%)]	Loss: 82.74	Error: 6.75
train: 21.54 [300.00/560.00 (53.57%)]	Loss: 100.47	Error: 7.39
train: 21.64 [360.00/560.00 (64.29%)]	Loss: 94.73	Error: 7.02
train: 21.75 [420.00/560.00 (75.00%)]	Loss: 77.60	Error: 6.27
train: 21.86 [480.00/560.00 (85.71%)]	Loss: 129.64	Error: 7.21
train: 21.96 [540.00/560.00 (96.43%)]	Loss: 70.88	Error: 6.36
train: 22.00 [560.00/560.00 (100.00%)]	Loss: 105.83	Error: 7.52
train loss: 961.228759765625

val: 21.32 [60.00/187.00 (32.09%)]	Loss: 76.71	Error: 6.33
val: 21.64 [120.00/187.00 (64.17%)]	Loss: 88.82	Error: 6.98
val: 21.96 [180.00/187.00 (96.26%)]	Loss: 102.14	Error: 7.37
val: 22.00 [187.00/187.00 (100.00%)]	Loss: 83.25	Error: 6.60
val loss: 350.917724609375

Saving State Dict: new best loss is tensor(350.9177, device='cuda:0')

train: 22.11 [60.00/560.00 (10.71%)]	Loss: 72.19	Error: 6.27
train: 22.21 [120.00/560.00 (21.43%)]	Loss: 94.97	Error: 7.00
train: 22.32 [180.00/560.00 (32.14%)]	Loss: 86.89	Error: 6.76
train: 22.43 [240.00/560.00 (42.86%)]	Loss: 70.60	Error: 6.20
train: 22.54 [300.00/560.00 (53.57%)]	Loss: 100.12	Error: 7.28
train: 22.64 [360.00/560.00 (64.29%)]	Loss: 78.42	Error: 6.45
train: 22.75 [420.00/560.00 (75.00%)]	Loss: 143.18	Error: 7.63
train: 22.86 [480.00/560.00 (85.71%)]	Loss: 82.70	Error: 6.78
train: 22.96 [540.00/560.00 (96.43%)]	Loss: 86.70	Error: 6.76
train: 23.00 [560.00/560.00 (100.00%)]	Loss: 101.90	Error: 6.85
train loss: 917.6452026367188

val: 22.32 [60.00/187.00 (32.09%)]	Loss: 69.04	Error: 6.02
val: 22.64 [120.00/187.00 (64.17%)]	Loss: 82.02	Error: 6.64
val: 22.96 [180.00/187.00 (96.26%)]	Loss: 96.72	Error: 7.20
val: 23.00 [187.00/187.00 (100.00%)]	Loss: 157.80	Error: 9.11
val loss: 405.58465576171875

train: 23.11 [60.00/560.00 (10.71%)]	Loss: 92.10	Error: 6.83
train: 23.21 [120.00/560.00 (21.43%)]	Loss: 133.83	Error: 7.42
train: 23.32 [180.00/560.00 (32.14%)]	Loss: 93.26	Error: 6.95
train: 23.43 [240.00/560.00 (42.86%)]	Loss: 67.93	Error: 6.23
train: 23.54 [300.00/560.00 (53.57%)]	Loss: 74.45	Error: 6.35
train: 23.64 [360.00/560.00 (64.29%)]	Loss: 61.89	Error: 5.77
train: 23.75 [420.00/560.00 (75.00%)]	Loss: 82.94	Error: 6.81
train: 23.86 [480.00/560.00 (85.71%)]	Loss: 88.68	Error: 6.60
train: 23.96 [540.00/560.00 (96.43%)]	Loss: 86.20	Error: 6.76
train: 24.00 [560.00/560.00 (100.00%)]	Loss: 87.47	Error: 6.67
train loss: 868.74609375

val: 23.32 [60.00/187.00 (32.09%)]	Loss: 89.34	Error: 6.91
val: 23.64 [120.00/187.00 (64.17%)]	Loss: 72.47	Error: 6.22
val: 23.96 [180.00/187.00 (96.26%)]	Loss: 90.30	Error: 6.97
val: 24.00 [187.00/187.00 (100.00%)]	Loss: 75.32	Error: 6.11
val loss: 327.4296875

Saving State Dict: new best loss is tensor(327.4297, device='cuda:0')

train: 24.11 [60.00/560.00 (10.71%)]	Loss: 65.43	Error: 6.05
train: 24.21 [120.00/560.00 (21.43%)]	Loss: 74.67	Error: 6.32
train: 24.32 [180.00/560.00 (32.14%)]	Loss: 81.03	Error: 6.60
train: 24.43 [240.00/560.00 (42.86%)]	Loss: 85.22	Error: 6.67
train: 24.54 [300.00/560.00 (53.57%)]	Loss: 88.49	Error: 6.68
train: 24.64 [360.00/560.00 (64.29%)]	Loss: 124.70	Error: 7.08
train: 24.75 [420.00/560.00 (75.00%)]	Loss: 78.68	Error: 6.35
train: 24.86 [480.00/560.00 (85.71%)]	Loss: 85.86	Error: 6.45
train: 24.96 [540.00/560.00 (96.43%)]	Loss: 74.77	Error: 6.35
train: 25.00 [560.00/560.00 (100.00%)]	Loss: 86.71	Error: 6.19
train loss: 845.57421875

val: 24.32 [60.00/187.00 (32.09%)]	Loss: 88.01	Error: 6.72
val: 24.64 [120.00/187.00 (64.17%)]	Loss: 87.38	Error: 6.77
val: 24.96 [180.00/187.00 (96.26%)]	Loss: 71.50	Error: 6.15
val: 25.00 [187.00/187.00 (100.00%)]	Loss: 93.77	Error: 6.71
val loss: 340.66790771484375

train: 25.11 [60.00/560.00 (10.71%)]	Loss: 87.13	Error: 6.73
train: 25.21 [120.00/560.00 (21.43%)]	Loss: 75.95	Error: 6.43
train: 25.32 [180.00/560.00 (32.14%)]	Loss: 69.78	Error: 6.13
train: 25.43 [240.00/560.00 (42.86%)]	Loss: 69.16	Error: 6.14
train: 25.54 [300.00/560.00 (53.57%)]	Loss: 79.65	Error: 6.21
train: 25.64 [360.00/560.00 (64.29%)]	Loss: 68.29	Error: 5.85
train: 25.75 [420.00/560.00 (75.00%)]	Loss: 92.81	Error: 7.00
train: 25.86 [480.00/560.00 (85.71%)]	Loss: 89.58	Error: 6.64
train: 25.96 [540.00/560.00 (96.43%)]	Loss: 103.95	Error: 6.30
train: 26.00 [560.00/560.00 (100.00%)]	Loss: 65.14	Error: 5.93
train loss: 801.4389038085938

val: 25.32 [60.00/187.00 (32.09%)]	Loss: 80.62	Error: 6.41
val: 25.64 [120.00/187.00 (64.17%)]	Loss: 90.84	Error: 7.00
val: 25.96 [180.00/187.00 (96.26%)]	Loss: 72.28	Error: 6.13
val: 26.00 [187.00/187.00 (100.00%)]	Loss: 55.51	Error: 5.63
val loss: 299.2476806640625

Saving State Dict: new best loss is tensor(299.2477, device='cuda:0')

train: 26.11 [60.00/560.00 (10.71%)]	Loss: 69.74	Error: 5.98
train: 26.21 [120.00/560.00 (21.43%)]	Loss: 72.49	Error: 6.27
train: 26.32 [180.00/560.00 (32.14%)]	Loss: 86.71	Error: 6.65
train: 26.43 [240.00/560.00 (42.86%)]	Loss: 69.53	Error: 5.89
train: 26.54 [300.00/560.00 (53.57%)]	Loss: 76.97	Error: 6.31
train: 26.64 [360.00/560.00 (64.29%)]	Loss: 81.38	Error: 6.37
train: 26.75 [420.00/560.00 (75.00%)]	Loss: 81.84	Error: 6.28
train: 26.86 [480.00/560.00 (85.71%)]	Loss: 71.73	Error: 6.04
train: 26.96 [540.00/560.00 (96.43%)]	Loss: 110.01	Error: 6.54
train: 27.00 [560.00/560.00 (100.00%)]	Loss: 59.93	Error: 5.59
train loss: 780.324462890625

val: 26.32 [60.00/187.00 (32.09%)]	Loss: 81.13	Error: 6.40
val: 26.64 [120.00/187.00 (64.17%)]	Loss: 76.31	Error: 6.21
val: 26.96 [180.00/187.00 (96.26%)]	Loss: 77.30	Error: 6.48
val: 27.00 [187.00/187.00 (100.00%)]	Loss: 104.38	Error: 7.84
val loss: 339.116943359375

train: 27.11 [60.00/560.00 (10.71%)]	Loss: 76.46	Error: 6.28
train: 27.21 [120.00/560.00 (21.43%)]	Loss: 80.35	Error: 6.06
train: 27.32 [180.00/560.00 (32.14%)]	Loss: 100.10	Error: 6.29
train: 27.43 [240.00/560.00 (42.86%)]	Loss: 55.92	Error: 5.41
train: 27.54 [300.00/560.00 (53.57%)]	Loss: 63.61	Error: 5.74
train: 27.64 [360.00/560.00 (64.29%)]	Loss: 76.08	Error: 6.33
train: 27.75 [420.00/560.00 (75.00%)]	Loss: 74.63	Error: 6.17
train: 27.86 [480.00/560.00 (85.71%)]	Loss: 83.69	Error: 6.56
train: 27.96 [540.00/560.00 (96.43%)]	Loss: 62.47	Error: 5.74
train: 28.00 [560.00/560.00 (100.00%)]	Loss: 70.64	Error: 6.15
train loss: 743.9376220703125

val: 27.32 [60.00/187.00 (32.09%)]	Loss: 74.40	Error: 6.31
val: 27.64 [120.00/187.00 (64.17%)]	Loss: 76.80	Error: 6.09
val: 27.96 [180.00/187.00 (96.26%)]	Loss: 74.86	Error: 6.35
val: 28.00 [187.00/187.00 (100.00%)]	Loss: 69.36	Error: 6.18
val loss: 295.42718505859375

Saving State Dict: new best loss is tensor(295.4272, device='cuda:0')

train: 28.11 [60.00/560.00 (10.71%)]	Loss: 66.71	Error: 5.65
train: 28.21 [120.00/560.00 (21.43%)]	Loss: 108.17	Error: 6.70
train: 28.32 [180.00/560.00 (32.14%)]	Loss: 79.25	Error: 6.29
train: 28.43 [240.00/560.00 (42.86%)]	Loss: 62.38	Error: 5.82
train: 28.54 [300.00/560.00 (53.57%)]	Loss: 72.82	Error: 6.11
train: 28.64 [360.00/560.00 (64.29%)]	Loss: 71.58	Error: 6.00
train: 28.75 [420.00/560.00 (75.00%)]	Loss: 71.10	Error: 6.01
train: 28.86 [480.00/560.00 (85.71%)]	Loss: 59.98	Error: 5.54
train: 28.96 [540.00/560.00 (96.43%)]	Loss: 77.14	Error: 6.47
train: 29.00 [560.00/560.00 (100.00%)]	Loss: 43.04	Error: 4.74
train loss: 712.1815185546875

val: 28.32 [60.00/187.00 (32.09%)]	Loss: 72.96	Error: 6.27
val: 28.64 [120.00/187.00 (64.17%)]	Loss: 73.63	Error: 5.99
val: 28.96 [180.00/187.00 (96.26%)]	Loss: 80.60	Error: 6.29
val: 29.00 [187.00/187.00 (100.00%)]	Loss: 67.26	Error: 6.45
val loss: 294.45135498046875

Saving State Dict: new best loss is tensor(294.4514, device='cuda:0')

train: 29.11 [60.00/560.00 (10.71%)]	Loss: 52.01	Error: 5.37
train: 29.21 [120.00/560.00 (21.43%)]	Loss: 57.43	Error: 5.52
train: 29.32 [180.00/560.00 (32.14%)]	Loss: 74.18	Error: 6.11
train: 29.43 [240.00/560.00 (42.86%)]	Loss: 68.21	Error: 5.77
train: 29.54 [300.00/560.00 (53.57%)]	Loss: 111.34	Error: 6.37
train: 29.64 [360.00/560.00 (64.29%)]	Loss: 74.99	Error: 6.09
train: 29.75 [420.00/560.00 (75.00%)]	Loss: 69.54	Error: 5.84
train: 29.86 [480.00/560.00 (85.71%)]	Loss: 70.75	Error: 6.11
train: 29.96 [540.00/560.00 (96.43%)]	Loss: 66.61	Error: 6.06
train: 30.00 [560.00/560.00 (100.00%)]	Loss: 64.18	Error: 5.79
train loss: 709.2462768554688

val: 29.32 [60.00/187.00 (32.09%)]	Loss: 85.82	Error: 6.42
val: 29.64 [120.00/187.00 (64.17%)]	Loss: 75.55	Error: 6.21
val: 29.96 [180.00/187.00 (96.26%)]	Loss: 58.66	Error: 5.50
val: 30.00 [187.00/187.00 (100.00%)]	Loss: 55.08	Error: 5.47
val loss: 275.115966796875

Saving State Dict: new best loss is tensor(275.1160, device='cuda:0')

train: 30.11 [60.00/560.00 (10.71%)]	Loss: 65.39	Error: 5.86
train: 30.21 [120.00/560.00 (21.43%)]	Loss: 72.81	Error: 5.86
train: 30.32 [180.00/560.00 (32.14%)]	Loss: 65.38	Error: 5.76
train: 30.43 [240.00/560.00 (42.86%)]	Loss: 44.82	Error: 4.85
train: 30.54 [300.00/560.00 (53.57%)]	Loss: 63.20	Error: 5.74
train: 30.64 [360.00/560.00 (64.29%)]	Loss: 58.71	Error: 5.53
train: 30.75 [420.00/560.00 (75.00%)]	Loss: 60.03	Error: 5.43
train: 30.86 [480.00/560.00 (85.71%)]	Loss: 86.73	Error: 5.70
train: 30.96 [540.00/560.00 (96.43%)]	Loss: 70.31	Error: 5.99
train: 31.00 [560.00/560.00 (100.00%)]	Loss: 78.30	Error: 5.80
train loss: 665.677001953125

val: 30.32 [60.00/187.00 (32.09%)]	Loss: 64.54	Error: 5.74
val: 30.64 [120.00/187.00 (64.17%)]	Loss: 74.75	Error: 6.04
val: 30.96 [180.00/187.00 (96.26%)]	Loss: 66.70	Error: 5.73
val: 31.00 [187.00/187.00 (100.00%)]	Loss: 43.99	Error: 4.80
val loss: 249.98992919921875

Saving State Dict: new best loss is tensor(249.9899, device='cuda:0')

train: 31.11 [60.00/560.00 (10.71%)]	Loss: 87.62	Error: 5.56
train: 31.21 [120.00/560.00 (21.43%)]	Loss: 46.09	Error: 4.91
train: 31.32 [180.00/560.00 (32.14%)]	Loss: 69.92	Error: 5.92
train: 31.43 [240.00/560.00 (42.86%)]	Loss: 69.87	Error: 6.12
train: 31.54 [300.00/560.00 (53.57%)]	Loss: 64.98	Error: 5.54
train: 31.64 [360.00/560.00 (64.29%)]	Loss: 55.80	Error: 5.55
train: 31.75 [420.00/560.00 (75.00%)]	Loss: 62.30	Error: 5.39
train: 31.86 [480.00/560.00 (85.71%)]	Loss: 53.62	Error: 5.44
train: 31.96 [540.00/560.00 (96.43%)]	Loss: 52.74	Error: 5.19
train: 32.00 [560.00/560.00 (100.00%)]	Loss: 74.59	Error: 6.31
train loss: 637.5274047851562

val: 31.32 [60.00/187.00 (32.09%)]	Loss: 66.88	Error: 5.74
val: 31.64 [120.00/187.00 (64.17%)]	Loss: 61.67	Error: 5.61
val: 31.96 [180.00/187.00 (96.26%)]	Loss: 69.71	Error: 6.05
val: 32.00 [187.00/187.00 (100.00%)]	Loss: 94.13	Error: 6.26
val loss: 292.3897705078125

train: 32.11 [60.00/560.00 (10.71%)]	Loss: 51.13	Error: 5.13
train: 32.21 [120.00/560.00 (21.43%)]	Loss: 48.98	Error: 5.11
train: 32.32 [180.00/560.00 (32.14%)]	Loss: 45.84	Error: 4.91
train: 32.43 [240.00/560.00 (42.86%)]	Loss: 66.20	Error: 5.71
train: 32.54 [300.00/560.00 (53.57%)]	Loss: 58.16	Error: 5.25
train: 32.64 [360.00/560.00 (64.29%)]	Loss: 66.70	Error: 5.82
train: 32.75 [420.00/560.00 (75.00%)]	Loss: 50.60	Error: 5.04
train: 32.86 [480.00/560.00 (85.71%)]	Loss: 98.24	Error: 6.16
train: 32.96 [540.00/560.00 (96.43%)]	Loss: 47.44	Error: 4.92
train: 33.00 [560.00/560.00 (100.00%)]	Loss: 50.22	Error: 5.22
train loss: 583.5108032226562

val: 32.32 [60.00/187.00 (32.09%)]	Loss: 62.25	Error: 5.56
val: 32.64 [120.00/187.00 (64.17%)]	Loss: 71.32	Error: 6.15
val: 32.96 [180.00/187.00 (96.26%)]	Loss: 70.97	Error: 5.72
val: 33.00 [187.00/187.00 (100.00%)]	Loss: 34.61	Error: 4.43
val loss: 239.14495849609375

Saving State Dict: new best loss is tensor(239.1450, device='cuda:0')

train: 33.11 [60.00/560.00 (10.71%)]	Loss: 53.49	Error: 5.20
train: 33.21 [120.00/560.00 (21.43%)]	Loss: 62.17	Error: 5.28
train: 33.32 [180.00/560.00 (32.14%)]	Loss: 56.95	Error: 5.42
train: 33.43 [240.00/560.00 (42.86%)]	Loss: 45.22	Error: 4.97
train: 33.54 [300.00/560.00 (53.57%)]	Loss: 49.61	Error: 4.96
train: 33.64 [360.00/560.00 (64.29%)]	Loss: 51.55	Error: 5.23
train: 33.75 [420.00/560.00 (75.00%)]	Loss: 52.84	Error: 5.09
train: 33.86 [480.00/560.00 (85.71%)]	Loss: 84.71	Error: 5.68
train: 33.96 [540.00/560.00 (96.43%)]	Loss: 50.08	Error: 5.12
train: 34.00 [560.00/560.00 (100.00%)]	Loss: 54.10	Error: 5.60
train loss: 560.7015991210938

val: 33.32 [60.00/187.00 (32.09%)]	Loss: 54.17	Error: 5.17
val: 33.64 [120.00/187.00 (64.17%)]	Loss: 53.72	Error: 5.35
val: 33.96 [180.00/187.00 (96.26%)]	Loss: 73.55	Error: 5.93
val: 34.00 [187.00/187.00 (100.00%)]	Loss: 39.88	Error: 4.90
val loss: 221.32122802734375

Saving State Dict: new best loss is tensor(221.3212, device='cuda:0')

train: 34.11 [60.00/560.00 (10.71%)]	Loss: 45.77	Error: 4.87
train: 34.21 [120.00/560.00 (21.43%)]	Loss: 46.48	Error: 4.89
train: 34.32 [180.00/560.00 (32.14%)]	Loss: 56.78	Error: 5.14
train: 34.43 [240.00/560.00 (42.86%)]	Loss: 49.28	Error: 5.17
train: 34.54 [300.00/560.00 (53.57%)]	Loss: 47.87	Error: 4.90
train: 34.64 [360.00/560.00 (64.29%)]	Loss: 55.00	Error: 5.01
train: 34.75 [420.00/560.00 (75.00%)]	Loss: 63.64	Error: 5.46
train: 34.86 [480.00/560.00 (85.71%)]	Loss: 37.02	Error: 4.49
train: 34.96 [540.00/560.00 (96.43%)]	Loss: 68.07	Error: 5.06
train: 35.00 [560.00/560.00 (100.00%)]	Loss: 63.75	Error: 5.49
train loss: 533.6539916992188

val: 34.32 [60.00/187.00 (32.09%)]	Loss: 51.05	Error: 5.13
val: 34.64 [120.00/187.00 (64.17%)]	Loss: 66.60	Error: 5.53
val: 34.96 [180.00/187.00 (96.26%)]	Loss: 56.37	Error: 5.31
val: 35.00 [187.00/187.00 (100.00%)]	Loss: 59.11	Error: 5.96
val loss: 233.1326141357422

train: 35.11 [60.00/560.00 (10.71%)]	Loss: 48.65	Error: 4.83
train: 35.21 [120.00/560.00 (21.43%)]	Loss: 35.11	Error: 4.05
train: 35.32 [180.00/560.00 (32.14%)]	Loss: 55.80	Error: 5.34
train: 35.43 [240.00/560.00 (42.86%)]	Loss: 54.83	Error: 5.00
train: 35.54 [300.00/560.00 (53.57%)]	Loss: 47.36	Error: 4.79
train: 35.64 [360.00/560.00 (64.29%)]	Loss: 42.60	Error: 4.63
train: 35.75 [420.00/560.00 (75.00%)]	Loss: 47.54	Error: 4.89
train: 35.86 [480.00/560.00 (85.71%)]	Loss: 43.28	Error: 4.76
train: 35.96 [540.00/560.00 (96.43%)]	Loss: 70.71	Error: 5.10
train: 36.00 [560.00/560.00 (100.00%)]	Loss: 47.69	Error: 5.09
train loss: 493.5580139160156

val: 35.32 [60.00/187.00 (32.09%)]	Loss: 54.88	Error: 5.33
val: 35.64 [120.00/187.00 (64.17%)]	Loss: 56.50	Error: 5.28
val: 35.96 [180.00/187.00 (96.26%)]	Loss: 57.99	Error: 5.25
val: 36.00 [187.00/187.00 (100.00%)]	Loss: 25.32	Error: 3.74
val loss: 194.6922149658203

Saving State Dict: new best loss is tensor(194.6922, device='cuda:0')

train: 36.11 [60.00/560.00 (10.71%)]	Loss: 41.53	Error: 4.27
train: 36.21 [120.00/560.00 (21.43%)]	Loss: 42.77	Error: 4.70
train: 36.32 [180.00/560.00 (32.14%)]	Loss: 43.40	Error: 4.75
train: 36.43 [240.00/560.00 (42.86%)]	Loss: 36.86	Error: 4.39
train: 36.54 [300.00/560.00 (53.57%)]	Loss: 43.64	Error: 4.79
train: 36.64 [360.00/560.00 (64.29%)]	Loss: 48.68	Error: 5.06
train: 36.75 [420.00/560.00 (75.00%)]	Loss: 47.31	Error: 4.87
train: 36.86 [480.00/560.00 (85.71%)]	Loss: 53.45	Error: 4.68
train: 36.96 [540.00/560.00 (96.43%)]	Loss: 39.76	Error: 4.50
train: 37.00 [560.00/560.00 (100.00%)]	Loss: 157.75	Error: 7.64
train loss: 555.163330078125

val: 36.32 [60.00/187.00 (32.09%)]	Loss: 57.61	Error: 5.28
val: 36.64 [120.00/187.00 (64.17%)]	Loss: 52.46	Error: 5.11
val: 36.96 [180.00/187.00 (96.26%)]	Loss: 53.19	Error: 5.25
val: 37.00 [187.00/187.00 (100.00%)]	Loss: 35.24	Error: 4.46
val loss: 198.49807739257812

train: 37.11 [60.00/560.00 (10.71%)]	Loss: 56.93	Error: 5.16
train: 37.21 [120.00/560.00 (21.43%)]	Loss: 48.26	Error: 4.83
train: 37.32 [180.00/560.00 (32.14%)]	Loss: 38.14	Error: 4.46
train: 37.43 [240.00/560.00 (42.86%)]	Loss: 47.26	Error: 4.61
train: 37.54 [300.00/560.00 (53.57%)]	Loss: 37.52	Error: 4.48
train: 37.64 [360.00/560.00 (64.29%)]	Loss: 40.48	Error: 4.50
train: 37.75 [420.00/560.00 (75.00%)]	Loss: 39.47	Error: 4.48
train: 37.86 [480.00/560.00 (85.71%)]	Loss: 37.30	Error: 4.41
train: 37.96 [540.00/560.00 (96.43%)]	Loss: 68.08	Error: 4.91
train: 38.00 [560.00/560.00 (100.00%)]	Loss: 46.85	Error: 5.04
train loss: 460.30157470703125

val: 37.32 [60.00/187.00 (32.09%)]	Loss: 62.60	Error: 5.54
val: 37.64 [120.00/187.00 (64.17%)]	Loss: 47.72	Error: 4.75
val: 37.96 [180.00/187.00 (96.26%)]	Loss: 63.27	Error: 5.41
val: 38.00 [187.00/187.00 (100.00%)]	Loss: 52.99	Error: 5.20
val loss: 226.57736206054688

train: 38.11 [60.00/560.00 (10.71%)]	Loss: 46.90	Error: 4.93
train: 38.21 [120.00/560.00 (21.43%)]	Loss: 33.08	Error: 4.16
train: 38.32 [180.00/560.00 (32.14%)]	Loss: 49.43	Error: 4.83
train: 38.43 [240.00/560.00 (42.86%)]	Loss: 67.17	Error: 5.09
train: 38.54 [300.00/560.00 (53.57%)]	Loss: 48.38	Error: 4.79
train: 38.64 [360.00/560.00 (64.29%)]	Loss: 29.44	Error: 4.01
train: 38.75 [420.00/560.00 (75.00%)]	Loss: 42.28	Error: 4.75
train: 38.86 [480.00/560.00 (85.71%)]	Loss: 44.88	Error: 4.46
train: 38.96 [540.00/560.00 (96.43%)]	Loss: 36.62	Error: 4.36
train: 39.00 [560.00/560.00 (100.00%)]	Loss: 32.09	Error: 4.35
train loss: 430.277587890625

val: 38.32 [60.00/187.00 (32.09%)]	Loss: 52.09	Error: 4.70
val: 38.64 [120.00/187.00 (64.17%)]	Loss: 47.13	Error: 4.94
val: 38.96 [180.00/187.00 (96.26%)]	Loss: 54.66	Error: 5.16
val: 39.00 [187.00/187.00 (100.00%)]	Loss: 60.82	Error: 5.67
val loss: 214.6988525390625

train: 39.11 [60.00/560.00 (10.71%)]	Loss: 43.32	Error: 4.65
train: 39.21 [120.00/560.00 (21.43%)]	Loss: 43.18	Error: 4.54
train: 39.32 [180.00/560.00 (32.14%)]	Loss: 43.05	Error: 4.47
train: 39.43 [240.00/560.00 (42.86%)]	Loss: 29.28	Error: 3.97
train: 39.54 [300.00/560.00 (53.57%)]	Loss: 32.75	Error: 4.08
train: 39.64 [360.00/560.00 (64.29%)]	Loss: 27.35	Error: 3.63
train: 39.75 [420.00/560.00 (75.00%)]	Loss: 54.95	Error: 4.45
train: 39.86 [480.00/560.00 (85.71%)]	Loss: 53.07	Error: 4.85
train: 39.96 [540.00/560.00 (96.43%)]	Loss: 34.91	Error: 4.17
train: 40.00 [560.00/560.00 (100.00%)]	Loss: 38.11	Error: 4.65
train loss: 399.96527099609375

val: 39.32 [60.00/187.00 (32.09%)]	Loss: 55.72	Error: 5.25
val: 39.64 [120.00/187.00 (64.17%)]	Loss: 45.01	Error: 4.60
val: 39.96 [180.00/187.00 (96.26%)]	Loss: 40.87	Error: 4.52
val: 40.00 [187.00/187.00 (100.00%)]	Loss: 56.13	Error: 4.73
val loss: 197.73097229003906

train: 40.11 [60.00/560.00 (10.71%)]	Loss: 41.70	Error: 4.46
train: 40.21 [120.00/560.00 (21.43%)]	Loss: 38.13	Error: 4.28
train: 40.32 [180.00/560.00 (32.14%)]	Loss: 39.19	Error: 4.32
train: 40.43 [240.00/560.00 (42.86%)]	Loss: 35.41	Error: 4.18
train: 40.54 [300.00/560.00 (53.57%)]	Loss: 27.80	Error: 3.87
train: 40.64 [360.00/560.00 (64.29%)]	Loss: 55.54	Error: 4.49
train: 40.75 [420.00/560.00 (75.00%)]	Loss: 40.26	Error: 4.31
train: 40.86 [480.00/560.00 (85.71%)]	Loss: 35.02	Error: 4.14
train: 40.96 [540.00/560.00 (96.43%)]	Loss: 24.68	Error: 3.64
train: 41.00 [560.00/560.00 (100.00%)]	Loss: 27.68	Error: 3.87
train loss: 365.42181396484375

val: 40.32 [60.00/187.00 (32.09%)]	Loss: 41.46	Error: 4.70
val: 40.64 [120.00/187.00 (64.17%)]	Loss: 39.90	Error: 4.56
val: 40.96 [180.00/187.00 (96.26%)]	Loss: 60.30	Error: 5.16
val: 41.00 [187.00/187.00 (100.00%)]	Loss: 17.70	Error: 3.31
val loss: 159.3603515625

Saving State Dict: new best loss is tensor(159.3604, device='cuda:0')

train: 41.11 [60.00/560.00 (10.71%)]	Loss: 29.87	Error: 3.72
train: 41.21 [120.00/560.00 (21.43%)]	Loss: 29.22	Error: 3.98
train: 41.32 [180.00/560.00 (32.14%)]	Loss: 42.07	Error: 4.36
train: 41.43 [240.00/560.00 (42.86%)]	Loss: 23.96	Error: 3.53
train: 41.54 [300.00/560.00 (53.57%)]	Loss: 36.13	Error: 4.27
train: 41.64 [360.00/560.00 (64.29%)]	Loss: 35.92	Error: 4.24
train: 41.75 [420.00/560.00 (75.00%)]	Loss: 30.44	Error: 3.87
train: 41.86 [480.00/560.00 (85.71%)]	Loss: 39.96	Error: 4.18
train: 41.96 [540.00/560.00 (96.43%)]	Loss: 25.54	Error: 3.62
train: 42.00 [560.00/560.00 (100.00%)]	Loss: 89.46	Error: 5.08
train loss: 382.5797119140625

val: 41.32 [60.00/187.00 (32.09%)]	Loss: 52.16	Error: 4.90
val: 41.64 [120.00/187.00 (64.17%)]	Loss: 35.54	Error: 4.12
val: 41.96 [180.00/187.00 (96.26%)]	Loss: 43.17	Error: 4.46
val: 42.00 [187.00/187.00 (100.00%)]	Loss: 32.24	Error: 4.11
val loss: 163.11691284179688

train: 42.11 [60.00/560.00 (10.71%)]	Loss: 37.30	Error: 4.38
train: 42.21 [120.00/560.00 (21.43%)]	Loss: 39.78	Error: 3.87
train: 42.32 [180.00/560.00 (32.14%)]	Loss: 33.49	Error: 3.95
train: 42.43 [240.00/560.00 (42.86%)]	Loss: 37.35	Error: 4.21
train: 42.54 [300.00/560.00 (53.57%)]	Loss: 36.06	Error: 3.98
train: 42.64 [360.00/560.00 (64.29%)]	Loss: 28.48	Error: 3.83
train: 42.75 [420.00/560.00 (75.00%)]	Loss: 31.37	Error: 3.79
train: 42.86 [480.00/560.00 (85.71%)]	Loss: 34.34	Error: 4.27
train: 42.96 [540.00/560.00 (96.43%)]	Loss: 28.63	Error: 3.84
train: 43.00 [560.00/560.00 (100.00%)]	Loss: 42.60	Error: 4.50
train loss: 349.40899658203125

val: 42.32 [60.00/187.00 (32.09%)]	Loss: 47.05	Error: 4.83
val: 42.64 [120.00/187.00 (64.17%)]	Loss: 27.28	Error: 3.76
val: 42.96 [180.00/187.00 (96.26%)]	Loss: 48.17	Error: 4.69
val: 43.00 [187.00/187.00 (100.00%)]	Loss: 37.80	Error: 4.43
val loss: 160.30548095703125

train: 43.11 [60.00/560.00 (10.71%)]	Loss: 26.11	Error: 3.66
train: 43.21 [120.00/560.00 (21.43%)]	Loss: 40.58	Error: 4.47
train: 43.32 [180.00/560.00 (32.14%)]	Loss: 33.88	Error: 4.03
train: 43.43 [240.00/560.00 (42.86%)]	Loss: 21.12	Error: 3.37
train: 43.54 [300.00/560.00 (53.57%)]	Loss: 30.97	Error: 4.08
train: 43.64 [360.00/560.00 (64.29%)]	Loss: 23.91	Error: 3.44
train: 43.75 [420.00/560.00 (75.00%)]	Loss: 21.34	Error: 3.28
train: 43.86 [480.00/560.00 (85.71%)]	Loss: 58.43	Error: 4.58
train: 43.96 [540.00/560.00 (96.43%)]	Loss: 22.98	Error: 3.37
train: 44.00 [560.00/560.00 (100.00%)]	Loss: 29.11	Error: 3.89
train loss: 308.4378356933594

val: 43.32 [60.00/187.00 (32.09%)]	Loss: 36.71	Error: 4.18
val: 43.64 [120.00/187.00 (64.17%)]	Loss: 32.42	Error: 3.90
val: 43.96 [180.00/187.00 (96.26%)]	Loss: 44.14	Error: 4.73
val: 44.00 [187.00/187.00 (100.00%)]	Loss: 78.50	Error: 5.81
val loss: 191.77810668945312

train: 44.11 [60.00/560.00 (10.71%)]	Loss: 29.16	Error: 3.79
train: 44.21 [120.00/560.00 (21.43%)]	Loss: 24.65	Error: 3.63
train: 44.32 [180.00/560.00 (32.14%)]	Loss: 28.16	Error: 3.55
train: 44.43 [240.00/560.00 (42.86%)]	Loss: 45.87	Error: 4.06
train: 44.54 [300.00/560.00 (53.57%)]	Loss: 22.33	Error: 3.46
train: 44.64 [360.00/560.00 (64.29%)]	Loss: 22.79	Error: 3.39
train: 44.75 [420.00/560.00 (75.00%)]	Loss: 22.96	Error: 3.35
train: 44.86 [480.00/560.00 (85.71%)]	Loss: 30.20	Error: 3.70
train: 44.96 [540.00/560.00 (96.43%)]	Loss: 24.58	Error: 3.49
train: 45.00 [560.00/560.00 (100.00%)]	Loss: 31.54	Error: 4.14
train loss: 282.23138427734375

val: 44.32 [60.00/187.00 (32.09%)]	Loss: 53.79	Error: 4.76
val: 44.64 [120.00/187.00 (64.17%)]	Loss: 27.82	Error: 3.83
val: 44.96 [180.00/187.00 (96.26%)]	Loss: 30.69	Error: 3.71
val: 45.00 [187.00/187.00 (100.00%)]	Loss: 35.19	Error: 4.38
val loss: 147.49139404296875

Saving State Dict: new best loss is tensor(147.4914, device='cuda:0')

train: 45.11 [60.00/560.00 (10.71%)]	Loss: 39.06	Error: 3.73
train: 45.21 [120.00/560.00 (21.43%)]	Loss: 23.05	Error: 3.40
train: 45.32 [180.00/560.00 (32.14%)]	Loss: 35.89	Error: 3.91
train: 45.43 [240.00/560.00 (42.86%)]	Loss: 24.04	Error: 3.32
train: 45.54 [300.00/560.00 (53.57%)]	Loss: 17.92	Error: 2.99
train: 45.64 [360.00/560.00 (64.29%)]	Loss: 19.17	Error: 3.15
train: 45.75 [420.00/560.00 (75.00%)]	Loss: 22.43	Error: 3.25
train: 45.86 [480.00/560.00 (85.71%)]	Loss: 19.68	Error: 3.09
train: 45.96 [540.00/560.00 (96.43%)]	Loss: 22.30	Error: 3.22
train: 46.00 [560.00/560.00 (100.00%)]	Loss: 33.71	Error: 4.02
train loss: 257.2394714355469

val: 45.32 [60.00/187.00 (32.09%)]	Loss: 35.86	Error: 4.10
val: 45.64 [120.00/187.00 (64.17%)]	Loss: 31.02	Error: 4.04
val: 45.96 [180.00/187.00 (96.26%)]	Loss: 35.42	Error: 3.88
val: 46.00 [187.00/187.00 (100.00%)]	Loss: 100.10	Error: 6.03
val loss: 202.4007568359375

train: 46.11 [60.00/560.00 (10.71%)]	Loss: 25.80	Error: 3.44
train: 46.21 [120.00/560.00 (21.43%)]	Loss: 21.05	Error: 3.30
train: 46.32 [180.00/560.00 (32.14%)]	Loss: 21.97	Error: 3.32
train: 46.43 [240.00/560.00 (42.86%)]	Loss: 35.60	Error: 3.57
train: 46.54 [300.00/560.00 (53.57%)]	Loss: 29.23	Error: 3.48
train: 46.64 [360.00/560.00 (64.29%)]	Loss: 24.93	Error: 3.77
train: 46.75 [420.00/560.00 (75.00%)]	Loss: 23.34	Error: 3.24
train: 46.86 [480.00/560.00 (85.71%)]	Loss: 16.85	Error: 3.04
train: 46.96 [540.00/560.00 (96.43%)]	Loss: 28.34	Error: 3.52
train: 47.00 [560.00/560.00 (100.00%)]	Loss: 21.18	Error: 3.39
train loss: 248.2931365966797

val: 46.32 [60.00/187.00 (32.09%)]	Loss: 30.06	Error: 3.83
val: 46.64 [120.00/187.00 (64.17%)]	Loss: 33.43	Error: 3.99
val: 46.96 [180.00/187.00 (96.26%)]	Loss: 39.09	Error: 4.03
val: 47.00 [187.00/187.00 (100.00%)]	Loss: 48.54	Error: 4.41
val loss: 151.11412048339844

train: 47.11 [60.00/560.00 (10.71%)]	Loss: 34.83	Error: 3.47
train: 47.21 [120.00/560.00 (21.43%)]	Loss: 19.02	Error: 3.21
train: 47.32 [180.00/560.00 (32.14%)]	Loss: 30.66	Error: 4.18
train: 47.43 [240.00/560.00 (42.86%)]	Loss: 24.65	Error: 3.37
train: 47.54 [300.00/560.00 (53.57%)]	Loss: 21.59	Error: 3.32
train: 47.64 [360.00/560.00 (64.29%)]	Loss: 23.73	Error: 3.43
train: 47.75 [420.00/560.00 (75.00%)]	Loss: 29.70	Error: 3.58
train: 47.86 [480.00/560.00 (85.71%)]	Loss: 23.57	Error: 3.47
train: 47.96 [540.00/560.00 (96.43%)]	Loss: 20.43	Error: 3.27
train: 48.00 [560.00/560.00 (100.00%)]	Loss: 50.75	Error: 4.50
train loss: 278.9451904296875

val: 47.32 [60.00/187.00 (32.09%)]	Loss: 31.11	Error: 3.88
val: 47.64 [120.00/187.00 (64.17%)]	Loss: 42.48	Error: 4.20
val: 47.96 [180.00/187.00 (96.26%)]	Loss: 31.77	Error: 3.71
val: 48.00 [187.00/187.00 (100.00%)]	Loss: 24.60	Error: 3.70
val loss: 129.955078125

Saving State Dict: new best loss is tensor(129.9551, device='cuda:0')

train: 48.11 [60.00/560.00 (10.71%)]	Loss: 22.87	Error: 3.34
train: 48.21 [120.00/560.00 (21.43%)]	Loss: 21.64	Error: 3.17
train: 48.32 [180.00/560.00 (32.14%)]	Loss: 20.34	Error: 3.10
train: 48.43 [240.00/560.00 (42.86%)]	Loss: 16.15	Error: 2.91
train: 48.54 [300.00/560.00 (53.57%)]	Loss: 16.47	Error: 2.92
train: 48.64 [360.00/560.00 (64.29%)]	Loss: 38.66	Error: 3.73
train: 48.75 [420.00/560.00 (75.00%)]	Loss: 25.29	Error: 3.44
train: 48.86 [480.00/560.00 (85.71%)]	Loss: 26.79	Error: 3.44
train: 48.96 [540.00/560.00 (96.43%)]	Loss: 17.63	Error: 3.09
train: 49.00 [560.00/560.00 (100.00%)]	Loss: 19.94	Error: 3.41
train loss: 225.7828369140625

val: 48.32 [60.00/187.00 (32.09%)]	Loss: 38.43	Error: 4.12
val: 48.64 [120.00/187.00 (64.17%)]	Loss: 41.00	Error: 4.27
val: 48.96 [180.00/187.00 (96.26%)]	Loss: 30.98	Error: 3.90
val: 49.00 [187.00/187.00 (100.00%)]	Loss: 22.52	Error: 3.52
val loss: 132.93251037597656

train: 49.11 [60.00/560.00 (10.71%)]	Loss: 21.23	Error: 3.25
train: 49.21 [120.00/560.00 (21.43%)]	Loss: 19.34	Error: 3.14
train: 49.32 [180.00/560.00 (32.14%)]	Loss: 21.76	Error: 3.34
train: 49.43 [240.00/560.00 (42.86%)]	Loss: 22.77	Error: 3.34
train: 49.54 [300.00/560.00 (53.57%)]	Loss: 16.17	Error: 2.87
train: 49.64 [360.00/560.00 (64.29%)]	Loss: 19.18	Error: 2.88
train: 49.75 [420.00/560.00 (75.00%)]	Loss: 23.40	Error: 3.35
train: 49.86 [480.00/560.00 (85.71%)]	Loss: 42.60	Error: 4.01
train: 49.96 [540.00/560.00 (96.43%)]	Loss: 18.76	Error: 3.02
train: 50.00 [560.00/560.00 (100.00%)]	Loss: 25.28	Error: 3.44
train loss: 230.48239135742188

val: 49.32 [60.00/187.00 (32.09%)]	Loss: 44.28	Error: 4.35
val: 49.64 [120.00/187.00 (64.17%)]	Loss: 35.93	Error: 4.12
val: 49.96 [180.00/187.00 (96.26%)]	Loss: 30.09	Error: 3.84
val: 50.00 [187.00/187.00 (100.00%)]	Loss: 27.67	Error: 3.75
val loss: 137.97137451171875

train: 50.11 [60.00/560.00 (10.71%)]	Loss: 16.93	Error: 3.07
train: 50.21 [120.00/560.00 (21.43%)]	Loss: 16.83	Error: 2.96
train: 50.32 [180.00/560.00 (32.14%)]	Loss: 22.61	Error: 3.13
train: 50.43 [240.00/560.00 (42.86%)]	Loss: 17.28	Error: 2.95
train: 50.54 [300.00/560.00 (53.57%)]	Loss: 26.70	Error: 3.65
train: 50.64 [360.00/560.00 (64.29%)]	Loss: 14.90	Error: 2.77
train: 50.75 [420.00/560.00 (75.00%)]	Loss: 14.94	Error: 2.80
train: 50.86 [480.00/560.00 (85.71%)]	Loss: 19.59	Error: 2.81
train: 50.96 [540.00/560.00 (96.43%)]	Loss: 40.13	Error: 3.92
train: 51.00 [560.00/560.00 (100.00%)]	Loss: 18.59	Error: 3.16
train loss: 208.48831176757812

val: 50.32 [60.00/187.00 (32.09%)]	Loss: 34.72	Error: 3.88
val: 50.64 [120.00/187.00 (64.17%)]	Loss: 34.03	Error: 3.99
val: 50.96 [180.00/187.00 (96.26%)]	Loss: 29.33	Error: 3.60
val: 51.00 [187.00/187.00 (100.00%)]	Loss: 17.11	Error: 3.20
val loss: 115.1867904663086

Saving State Dict: new best loss is tensor(115.1868, device='cuda:0')

train: 51.11 [60.00/560.00 (10.71%)]	Loss: 15.57	Error: 2.83
train: 51.21 [120.00/560.00 (21.43%)]	Loss: 15.39	Error: 2.82
train: 51.32 [180.00/560.00 (32.14%)]	Loss: 15.76	Error: 2.78
train: 51.43 [240.00/560.00 (42.86%)]	Loss: 18.20	Error: 3.00
train: 51.54 [300.00/560.00 (53.57%)]	Loss: 19.33	Error: 2.90
train: 51.64 [360.00/560.00 (64.29%)]	Loss: 18.72	Error: 3.05
train: 51.75 [420.00/560.00 (75.00%)]	Loss: 32.36	Error: 3.38
train: 51.86 [480.00/560.00 (85.71%)]	Loss: 15.84	Error: 2.66
train: 51.96 [540.00/560.00 (96.43%)]	Loss: 20.37	Error: 3.19
train: 52.00 [560.00/560.00 (100.00%)]	Loss: 18.64	Error: 2.99
train loss: 190.17001342773438

val: 51.32 [60.00/187.00 (32.09%)]	Loss: 26.60	Error: 3.47
val: 51.64 [120.00/187.00 (64.17%)]	Loss: 38.51	Error: 3.86
val: 51.96 [180.00/187.00 (96.26%)]	Loss: 27.32	Error: 3.51
val: 52.00 [187.00/187.00 (100.00%)]	Loss: 34.66	Error: 4.10
val loss: 127.08673095703125

train: 52.11 [60.00/560.00 (10.71%)]	Loss: 15.34	Error: 2.72
train: 52.21 [120.00/560.00 (21.43%)]	Loss: 17.66	Error: 2.98
train: 52.32 [180.00/560.00 (32.14%)]	Loss: 13.99	Error: 2.72
train: 52.43 [240.00/560.00 (42.86%)]	Loss: 18.93	Error: 2.96
train: 52.54 [300.00/560.00 (53.57%)]	Loss: 12.60	Error: 2.61
train: 52.64 [360.00/560.00 (64.29%)]	Loss: 20.80	Error: 3.14
train: 52.75 [420.00/560.00 (75.00%)]	Loss: 29.78	Error: 3.11
train: 52.86 [480.00/560.00 (85.71%)]	Loss: 19.86	Error: 2.97
train: 52.96 [540.00/560.00 (96.43%)]	Loss: 18.48	Error: 3.03
train: 53.00 [560.00/560.00 (100.00%)]	Loss: 13.86	Error: 2.64
train loss: 181.29623413085938

val: 52.32 [60.00/187.00 (32.09%)]	Loss: 26.30	Error: 3.46
val: 52.64 [120.00/187.00 (64.17%)]	Loss: 35.16	Error: 3.77
val: 52.96 [180.00/187.00 (96.26%)]	Loss: 28.19	Error: 3.58
val: 53.00 [187.00/187.00 (100.00%)]	Loss: 44.88	Error: 4.03
val loss: 134.51869201660156

train: 53.11 [60.00/560.00 (10.71%)]	Loss: 20.51	Error: 2.96
train: 53.21 [120.00/560.00 (21.43%)]	Loss: 16.61	Error: 2.84
train: 53.32 [180.00/560.00 (32.14%)]	Loss: 16.96	Error: 3.09
train: 53.43 [240.00/560.00 (42.86%)]	Loss: 15.33	Error: 2.75
train: 53.54 [300.00/560.00 (53.57%)]	Loss: 15.26	Error: 2.75
train: 53.64 [360.00/560.00 (64.29%)]	Loss: 22.60	Error: 3.26
train: 53.75 [420.00/560.00 (75.00%)]	Loss: 12.33	Error: 2.61
train: 53.86 [480.00/560.00 (85.71%)]	Loss: 35.12	Error: 3.91
train: 53.96 [540.00/560.00 (96.43%)]	Loss: 12.17	Error: 2.54
train: 54.00 [560.00/560.00 (100.00%)]	Loss: 18.23	Error: 2.97
train loss: 185.1319580078125

val: 53.32 [60.00/187.00 (32.09%)]	Loss: 35.90	Error: 4.00
val: 53.64 [120.00/187.00 (64.17%)]	Loss: 32.84	Error: 3.52
val: 53.96 [180.00/187.00 (96.26%)]	Loss: 24.07	Error: 3.35
val: 54.00 [187.00/187.00 (100.00%)]	Loss: 46.53	Error: 4.11
val loss: 139.33580017089844

train: 54.11 [60.00/560.00 (10.71%)]	Loss: 15.99	Error: 2.84
train: 54.21 [120.00/560.00 (21.43%)]	Loss: 29.11	Error: 2.91
train: 54.32 [180.00/560.00 (32.14%)]	Loss: 13.25	Error: 2.53
train: 54.43 [240.00/560.00 (42.86%)]	Loss: 13.13	Error: 2.47
train: 54.54 [300.00/560.00 (53.57%)]	Loss: 15.96	Error: 2.90
train: 54.64 [360.00/560.00 (64.29%)]	Loss: 15.87	Error: 2.70
train: 54.75 [420.00/560.00 (75.00%)]	Loss: 14.25	Error: 2.69
train: 54.86 [480.00/560.00 (85.71%)]	Loss: 16.02	Error: 2.87
train: 54.96 [540.00/560.00 (96.43%)]	Loss: 16.30	Error: 2.67
train: 55.00 [560.00/560.00 (100.00%)]	Loss: 18.33	Error: 3.11
train loss: 168.21823120117188

val: 54.32 [60.00/187.00 (32.09%)]	Loss: 42.24	Error: 4.22
val: 54.64 [120.00/187.00 (64.17%)]	Loss: 37.58	Error: 4.11
val: 54.96 [180.00/187.00 (96.26%)]	Loss: 25.91	Error: 3.55
val: 55.00 [187.00/187.00 (100.00%)]	Loss: 14.17	Error: 2.65
val loss: 119.89506530761719

train: 55.11 [60.00/560.00 (10.71%)]	Loss: 16.44	Error: 2.58
train: 55.21 [120.00/560.00 (21.43%)]	Loss: 31.75	Error: 3.31
train: 55.32 [180.00/560.00 (32.14%)]	Loss: 12.70	Error: 2.60
train: 55.43 [240.00/560.00 (42.86%)]	Loss: 16.43	Error: 2.74
train: 55.54 [300.00/560.00 (53.57%)]	Loss: 14.09	Error: 2.71
train: 55.64 [360.00/560.00 (64.29%)]	Loss: 12.74	Error: 2.61
train: 55.75 [420.00/560.00 (75.00%)]	Loss: 17.15	Error: 2.99
train: 55.86 [480.00/560.00 (85.71%)]	Loss: 15.18	Error: 2.79
train: 55.96 [540.00/560.00 (96.43%)]	Loss: 11.59	Error: 2.52
train: 56.00 [560.00/560.00 (100.00%)]	Loss: 27.18	Error: 3.99
train loss: 175.25006103515625

val: 55.32 [60.00/187.00 (32.09%)]	Loss: 30.57	Error: 3.61
val: 55.64 [120.00/187.00 (64.17%)]	Loss: 30.92	Error: 3.77
val: 55.96 [180.00/187.00 (96.26%)]	Loss: 28.72	Error: 3.51
val: 56.00 [187.00/187.00 (100.00%)]	Loss: 28.55	Error: 3.70
val loss: 118.75411224365234

train: 56.11 [60.00/560.00 (10.71%)]	Loss: 15.12	Error: 2.61
train: 56.21 [120.00/560.00 (21.43%)]	Loss: 19.34	Error: 3.20
train: 56.32 [180.00/560.00 (32.14%)]	Loss: 16.71	Error: 2.90
train: 56.43 [240.00/560.00 (42.86%)]	Loss: 13.74	Error: 2.65
train: 56.54 [300.00/560.00 (53.57%)]	Loss: 16.58	Error: 2.80
train: 56.64 [360.00/560.00 (64.29%)]	Loss: 26.24	Error: 3.08
train: 56.75 [420.00/560.00 (75.00%)]	Loss: 11.73	Error: 2.48
train: 56.86 [480.00/560.00 (85.71%)]	Loss: 14.09	Error: 2.65
train: 56.96 [540.00/560.00 (96.43%)]	Loss: 23.80	Error: 3.35
train: 57.00 [560.00/560.00 (100.00%)]	Loss: 12.55	Error: 2.48
train loss: 169.8797607421875

val: 56.32 [60.00/187.00 (32.09%)]	Loss: 29.70	Error: 3.84
val: 56.64 [120.00/187.00 (64.17%)]	Loss: 31.86	Error: 3.61
val: 56.96 [180.00/187.00 (96.26%)]	Loss: 29.69	Error: 3.68
val: 57.00 [187.00/187.00 (100.00%)]	Loss: 47.92	Error: 4.47
val loss: 139.1800994873047

train: 57.11 [60.00/560.00 (10.71%)]	Loss: 13.23	Error: 2.50
train: 57.21 [120.00/560.00 (21.43%)]	Loss: 10.87	Error: 2.45
train: 57.32 [180.00/560.00 (32.14%)]	Loss: 11.20	Error: 2.48
train: 57.43 [240.00/560.00 (42.86%)]	Loss: 9.19	Error: 2.22
train: 57.54 [300.00/560.00 (53.57%)]	Loss: 16.94	Error: 2.87
train: 57.64 [360.00/560.00 (64.29%)]	Loss: 12.53	Error: 2.52
train: 57.75 [420.00/560.00 (75.00%)]	Loss: 20.73	Error: 3.07
train: 57.86 [480.00/560.00 (85.71%)]	Loss: 32.70	Error: 3.82
train: 57.96 [540.00/560.00 (96.43%)]	Loss: 16.43	Error: 2.90
train: 58.00 [560.00/560.00 (100.00%)]	Loss: 25.84	Error: 3.46
train loss: 169.6461181640625

val: 57.32 [60.00/187.00 (32.09%)]	Loss: 24.63	Error: 3.38
val: 57.64 [120.00/187.00 (64.17%)]	Loss: 40.61	Error: 3.95
val: 57.96 [180.00/187.00 (96.26%)]	Loss: 22.32	Error: 3.35
val: 58.00 [187.00/187.00 (100.00%)]	Loss: 18.09	Error: 2.98
val loss: 105.66202545166016

Saving State Dict: new best loss is tensor(105.6620, device='cuda:0')

train: 58.11 [60.00/560.00 (10.71%)]	Loss: 13.69	Error: 2.41
train: 58.21 [120.00/560.00 (21.43%)]	Loss: 14.59	Error: 2.58
train: 58.32 [180.00/560.00 (32.14%)]	Loss: 13.78	Error: 2.78
train: 58.43 [240.00/560.00 (42.86%)]	Loss: 28.35	Error: 3.29
train: 58.54 [300.00/560.00 (53.57%)]	Loss: 14.51	Error: 2.54
train: 58.64 [360.00/560.00 (64.29%)]	Loss: 17.33	Error: 2.75
train: 58.75 [420.00/560.00 (75.00%)]	Loss: 13.08	Error: 2.66
train: 58.86 [480.00/560.00 (85.71%)]	Loss: 11.24	Error: 2.41
train: 58.96 [540.00/560.00 (96.43%)]	Loss: 13.64	Error: 2.55
train: 59.00 [560.00/560.00 (100.00%)]	Loss: 19.60	Error: 3.39
train loss: 159.80909729003906

val: 58.32 [60.00/187.00 (32.09%)]	Loss: 40.35	Error: 3.91
val: 58.64 [120.00/187.00 (64.17%)]	Loss: 29.58	Error: 3.51
val: 58.96 [180.00/187.00 (96.26%)]	Loss: 26.21	Error: 3.38
val: 59.00 [187.00/187.00 (100.00%)]	Loss: 14.82	Error: 2.79
val loss: 110.9659423828125

train: 59.11 [60.00/560.00 (10.71%)]	Loss: 15.96	Error: 2.64
train: 59.21 [120.00/560.00 (21.43%)]	Loss: 10.31	Error: 2.36
train: 59.32 [180.00/560.00 (32.14%)]	Loss: 19.08	Error: 2.96
train: 59.43 [240.00/560.00 (42.86%)]	Loss: 10.55	Error: 2.41
train: 59.54 [300.00/560.00 (53.57%)]	Loss: 9.60	Error: 2.29
train: 59.64 [360.00/560.00 (64.29%)]	Loss: 14.52	Error: 2.74
train: 59.75 [420.00/560.00 (75.00%)]	Loss: 11.54	Error: 2.50
train: 59.86 [480.00/560.00 (85.71%)]	Loss: 10.24	Error: 2.23
train: 59.96 [540.00/560.00 (96.43%)]	Loss: 25.64	Error: 3.06
train: 60.00 [560.00/560.00 (100.00%)]	Loss: 22.94	Error: 3.32
train loss: 150.380859375

val: 59.32 [60.00/187.00 (32.09%)]	Loss: 27.64	Error: 3.36
val: 59.64 [120.00/187.00 (64.17%)]	Loss: 29.95	Error: 3.50
val: 59.96 [180.00/187.00 (96.26%)]	Loss: 26.18	Error: 3.44
val: 60.00 [187.00/187.00 (100.00%)]	Loss: 22.37	Error: 3.22
val loss: 106.14488220214844

train: 60.11 [60.00/560.00 (10.71%)]	Loss: 17.39	Error: 2.92
train: 60.21 [120.00/560.00 (21.43%)]	Loss: 13.29	Error: 2.49
train: 60.32 [180.00/560.00 (32.14%)]	Loss: 15.78	Error: 2.77
train: 60.43 [240.00/560.00 (42.86%)]	Loss: 9.40	Error: 2.23
train: 60.54 [300.00/560.00 (53.57%)]	Loss: 17.66	Error: 2.39
train: 60.64 [360.00/560.00 (64.29%)]	Loss: 18.26	Error: 2.81
train: 60.75 [420.00/560.00 (75.00%)]	Loss: 12.30	Error: 2.47
train: 60.86 [480.00/560.00 (85.71%)]	Loss: 12.54	Error: 2.51
train: 60.96 [540.00/560.00 (96.43%)]	Loss: 11.81	Error: 2.49
train: 61.00 [560.00/560.00 (100.00%)]	Loss: 24.96	Error: 3.43
train loss: 153.38333129882812

val: 60.32 [60.00/187.00 (32.09%)]	Loss: 28.21	Error: 3.40
val: 60.64 [120.00/187.00 (64.17%)]	Loss: 32.06	Error: 3.87
val: 60.96 [180.00/187.00 (96.26%)]	Loss: 22.66	Error: 3.22
val: 61.00 [187.00/187.00 (100.00%)]	Loss: 40.69	Error: 4.53
val loss: 123.62126159667969

train: 61.11 [60.00/560.00 (10.71%)]	Loss: 12.24	Error: 2.39
train: 61.21 [120.00/560.00 (21.43%)]	Loss: 17.44	Error: 2.93
train: 61.32 [180.00/560.00 (32.14%)]	Loss: 15.50	Error: 2.61
train: 61.43 [240.00/560.00 (42.86%)]	Loss: 18.45	Error: 3.26
train: 61.54 [300.00/560.00 (53.57%)]	Loss: 27.62	Error: 3.32
train: 61.64 [360.00/560.00 (64.29%)]	Loss: 10.88	Error: 2.32
train: 61.75 [420.00/560.00 (75.00%)]	Loss: 11.41	Error: 2.50
train: 61.86 [480.00/560.00 (85.71%)]	Loss: 15.21	Error: 2.72
train: 61.96 [540.00/560.00 (96.43%)]	Loss: 11.05	Error: 2.31
train: 62.00 [560.00/560.00 (100.00%)]	Loss: 20.49	Error: 3.33
train loss: 160.30438232421875

val: 61.32 [60.00/187.00 (32.09%)]	Loss: 36.40	Error: 3.77
val: 61.64 [120.00/187.00 (64.17%)]	Loss: 36.16	Error: 3.90
val: 61.96 [180.00/187.00 (96.26%)]	Loss: 23.76	Error: 3.41
val: 62.00 [187.00/187.00 (100.00%)]	Loss: 18.98	Error: 2.92
val loss: 115.30592346191406

train: 62.11 [60.00/560.00 (10.71%)]	Loss: 12.65	Error: 2.50
train: 62.21 [120.00/560.00 (21.43%)]	Loss: 15.67	Error: 2.85
train: 62.32 [180.00/560.00 (32.14%)]	Loss: 14.50	Error: 2.63
train: 62.43 [240.00/560.00 (42.86%)]	Loss: 14.13	Error: 2.52
train: 62.54 [300.00/560.00 (53.57%)]	Loss: 12.53	Error: 2.50
train: 62.64 [360.00/560.00 (64.29%)]	Loss: 10.87	Error: 2.50
train: 62.75 [420.00/560.00 (75.00%)]	Loss: 17.12	Error: 2.82
train: 62.86 [480.00/560.00 (85.71%)]	Loss: 13.83	Error: 2.75
train: 62.96 [540.00/560.00 (96.43%)]	Loss: 12.07	Error: 2.61
train: 63.00 [560.00/560.00 (100.00%)]	Loss: 61.69	Error: 4.31
train loss: 185.05165100097656

val: 62.32 [60.00/187.00 (32.09%)]	Loss: 30.34	Error: 3.66
val: 62.64 [120.00/187.00 (64.17%)]	Loss: 27.62	Error: 3.49
val: 62.96 [180.00/187.00 (96.26%)]	Loss: 29.27	Error: 3.59
val: 63.00 [187.00/187.00 (100.00%)]	Loss: 22.70	Error: 3.63
val loss: 109.92921447753906

train: 63.11 [60.00/560.00 (10.71%)]	Loss: 11.79	Error: 2.43
train: 63.21 [120.00/560.00 (21.43%)]	Loss: 13.92	Error: 2.43
train: 63.32 [180.00/560.00 (32.14%)]	Loss: 15.71	Error: 2.93
train: 63.43 [240.00/560.00 (42.86%)]	Loss: 12.61	Error: 2.64
train: 63.54 [300.00/560.00 (53.57%)]	Loss: 10.78	Error: 2.32
train: 63.64 [360.00/560.00 (64.29%)]	Loss: 26.24	Error: 2.97
train: 63.75 [420.00/560.00 (75.00%)]	Loss: 15.35	Error: 2.72
train: 63.86 [480.00/560.00 (85.71%)]	Loss: 9.94	Error: 2.38
train: 63.96 [540.00/560.00 (96.43%)]	Loss: 10.98	Error: 2.46
train: 64.00 [560.00/560.00 (100.00%)]	Loss: 21.35	Error: 3.51
train loss: 148.66432189941406

val: 63.32 [60.00/187.00 (32.09%)]	Loss: 33.85	Error: 3.59
val: 63.64 [120.00/187.00 (64.17%)]	Loss: 24.17	Error: 3.28
val: 63.96 [180.00/187.00 (96.26%)]	Loss: 24.40	Error: 3.18
val: 64.00 [187.00/187.00 (100.00%)]	Loss: 13.13	Error: 2.63
val loss: 95.55155944824219

Saving State Dict: new best loss is tensor(95.5516, device='cuda:0')

train: 64.11 [60.00/560.00 (10.71%)]	Loss: 10.92	Error: 2.21
train: 64.21 [120.00/560.00 (21.43%)]	Loss: 16.85	Error: 3.02
train: 64.32 [180.00/560.00 (32.14%)]	Loss: 14.17	Error: 2.64
train: 64.43 [240.00/560.00 (42.86%)]	Loss: 23.88	Error: 2.93
train: 64.54 [300.00/560.00 (53.57%)]	Loss: 8.90	Error: 2.10
train: 64.64 [360.00/560.00 (64.29%)]	Loss: 10.21	Error: 2.35
train: 64.75 [420.00/560.00 (75.00%)]	Loss: 12.85	Error: 2.55
train: 64.86 [480.00/560.00 (85.71%)]	Loss: 11.00	Error: 2.42
train: 64.96 [540.00/560.00 (96.43%)]	Loss: 14.90	Error: 2.83
train: 65.00 [560.00/560.00 (100.00%)]	Loss: 13.64	Error: 2.93
train loss: 137.33094787597656

val: 64.32 [60.00/187.00 (32.09%)]	Loss: 32.77	Error: 3.58
val: 64.64 [120.00/187.00 (64.17%)]	Loss: 28.46	Error: 3.42
val: 64.96 [180.00/187.00 (96.26%)]	Loss: 23.29	Error: 3.25
val: 65.00 [187.00/187.00 (100.00%)]	Loss: 13.38	Error: 2.70
val loss: 97.8941879272461

train: 65.11 [60.00/560.00 (10.71%)]	Loss: 11.54	Error: 2.29
train: 65.21 [120.00/560.00 (21.43%)]	Loss: 13.23	Error: 2.65
train: 65.32 [180.00/560.00 (32.14%)]	Loss: 9.48	Error: 2.27
train: 65.43 [240.00/560.00 (42.86%)]	Loss: 9.35	Error: 2.11
train: 65.54 [300.00/560.00 (53.57%)]	Loss: 15.32	Error: 2.23
train: 65.64 [360.00/560.00 (64.29%)]	Loss: 8.90	Error: 2.20
train: 65.75 [420.00/560.00 (75.00%)]	Loss: 11.32	Error: 2.44
train: 65.86 [480.00/560.00 (85.71%)]	Loss: 11.65	Error: 2.34
train: 65.96 [540.00/560.00 (96.43%)]	Loss: 16.20	Error: 2.74
train: 66.00 [560.00/560.00 (100.00%)]	Loss: 11.60	Error: 2.57
train loss: 118.58792114257812

val: 65.32 [60.00/187.00 (32.09%)]	Loss: 26.38	Error: 3.38
val: 65.64 [120.00/187.00 (64.17%)]	Loss: 28.82	Error: 3.39
val: 65.96 [180.00/187.00 (96.26%)]	Loss: 22.47	Error: 3.13
val: 66.00 [187.00/187.00 (100.00%)]	Loss: 13.10	Error: 2.76
val loss: 90.77379608154297

Saving State Dict: new best loss is tensor(90.7738, device='cuda:0')

train: 66.11 [60.00/560.00 (10.71%)]	Loss: 11.85	Error: 2.30
train: 66.21 [120.00/560.00 (21.43%)]	Loss: 15.20	Error: 2.43
train: 66.32 [180.00/560.00 (32.14%)]	Loss: 13.16	Error: 2.60
train: 66.43 [240.00/560.00 (42.86%)]	Loss: 11.14	Error: 2.41
train: 66.54 [300.00/560.00 (53.57%)]	Loss: 17.76	Error: 2.63
train: 66.64 [360.00/560.00 (64.29%)]	Loss: 10.71	Error: 2.48
train: 66.75 [420.00/560.00 (75.00%)]	Loss: 12.27	Error: 2.57
train: 66.86 [480.00/560.00 (85.71%)]	Loss: 9.44	Error: 2.20
train: 66.96 [540.00/560.00 (96.43%)]	Loss: 9.72	Error: 2.29
train: 67.00 [560.00/560.00 (100.00%)]	Loss: 19.96	Error: 3.35
train loss: 131.19781494140625

val: 66.32 [60.00/187.00 (32.09%)]	Loss: 28.87	Error: 3.40
val: 66.64 [120.00/187.00 (64.17%)]	Loss: 30.19	Error: 3.37
val: 66.96 [180.00/187.00 (96.26%)]	Loss: 21.35	Error: 3.00
val: 67.00 [187.00/187.00 (100.00%)]	Loss: 19.73	Error: 3.29
val loss: 100.15074157714844

train: 67.11 [60.00/560.00 (10.71%)]	Loss: 8.52	Error: 2.09
train: 67.21 [120.00/560.00 (21.43%)]	Loss: 10.23	Error: 2.27
train: 67.32 [180.00/560.00 (32.14%)]	Loss: 8.46	Error: 2.19
train: 67.43 [240.00/560.00 (42.86%)]	Loss: 8.89	Error: 2.23
train: 67.54 [300.00/560.00 (53.57%)]	Loss: 12.76	Error: 2.49
train: 67.64 [360.00/560.00 (64.29%)]	Loss: 16.49	Error: 2.92
train: 67.75 [420.00/560.00 (75.00%)]	Loss: 8.61	Error: 2.07
train: 67.86 [480.00/560.00 (85.71%)]	Loss: 19.07	Error: 2.77
train: 67.96 [540.00/560.00 (96.43%)]	Loss: 13.71	Error: 2.48
train: 68.00 [560.00/560.00 (100.00%)]	Loss: 10.20	Error: 2.41
train loss: 116.9159164428711

val: 67.32 [60.00/187.00 (32.09%)]	Loss: 25.27	Error: 3.39
val: 67.64 [120.00/187.00 (64.17%)]	Loss: 34.09	Error: 3.54
val: 67.96 [180.00/187.00 (96.26%)]	Loss: 18.10	Error: 2.91
val: 68.00 [187.00/187.00 (100.00%)]	Loss: 23.76	Error: 3.66
val loss: 101.22044372558594

train: 68.11 [60.00/560.00 (10.71%)]	Loss: 10.23	Error: 2.34
train: 68.21 [120.00/560.00 (21.43%)]	Loss: 9.96	Error: 2.26
train: 68.32 [180.00/560.00 (32.14%)]	Loss: 12.51	Error: 2.62
train: 68.43 [240.00/560.00 (42.86%)]	Loss: 21.32	Error: 2.81
train: 68.54 [300.00/560.00 (53.57%)]	Loss: 12.59	Error: 2.58
train: 68.64 [360.00/560.00 (64.29%)]	Loss: 10.88	Error: 2.43
train: 68.75 [420.00/560.00 (75.00%)]	Loss: 9.68	Error: 2.27
train: 68.86 [480.00/560.00 (85.71%)]	Loss: 11.69	Error: 2.58
train: 68.96 [540.00/560.00 (96.43%)]	Loss: 13.18	Error: 2.56
train: 69.00 [560.00/560.00 (100.00%)]	Loss: 12.35	Error: 2.76
train loss: 124.39537048339844

val: 68.32 [60.00/187.00 (32.09%)]	Loss: 26.44	Error: 3.49
val: 68.64 [120.00/187.00 (64.17%)]	Loss: 26.81	Error: 3.31
val: 68.96 [180.00/187.00 (96.26%)]	Loss: 21.59	Error: 3.10
val: 69.00 [187.00/187.00 (100.00%)]	Loss: 51.02	Error: 4.33
val loss: 125.8680419921875

train: 69.11 [60.00/560.00 (10.71%)]	Loss: 8.85	Error: 2.16
train: 69.21 [120.00/560.00 (21.43%)]	Loss: 10.40	Error: 2.18
train: 69.32 [180.00/560.00 (32.14%)]	Loss: 8.72	Error: 2.13
train: 69.43 [240.00/560.00 (42.86%)]	Loss: 9.83	Error: 2.19
train: 69.54 [300.00/560.00 (53.57%)]	Loss: 9.70	Error: 2.32
train: 69.64 [360.00/560.00 (64.29%)]	Loss: 10.89	Error: 2.37
train: 69.75 [420.00/560.00 (75.00%)]	Loss: 16.71	Error: 3.04
train: 69.86 [480.00/560.00 (85.71%)]	Loss: 9.69	Error: 2.25
train: 69.96 [540.00/560.00 (96.43%)]	Loss: 20.18	Error: 2.95
train: 70.00 [560.00/560.00 (100.00%)]	Loss: 11.58	Error: 2.68
train loss: 116.52706909179688

val: 69.32 [60.00/187.00 (32.09%)]	Loss: 21.14	Error: 3.04
val: 69.64 [120.00/187.00 (64.17%)]	Loss: 32.56	Error: 3.64
val: 69.96 [180.00/187.00 (96.26%)]	Loss: 19.13	Error: 3.04
val: 70.00 [187.00/187.00 (100.00%)]	Loss: 91.28	Error: 5.89
val loss: 164.11273193359375

train: 70.11 [60.00/560.00 (10.71%)]	Loss: 8.59	Error: 2.14
train: 70.21 [120.00/560.00 (21.43%)]	Loss: 9.05	Error: 2.16
train: 70.32 [180.00/560.00 (32.14%)]	Loss: 7.78	Error: 1.99
train: 70.43 [240.00/560.00 (42.86%)]	Loss: 6.38	Error: 1.88
train: 70.54 [300.00/560.00 (53.57%)]	Loss: 10.29	Error: 2.34
train: 70.64 [360.00/560.00 (64.29%)]	Loss: 17.65	Error: 2.79
train: 70.75 [420.00/560.00 (75.00%)]	Loss: 15.96	Error: 2.40
train: 70.86 [480.00/560.00 (85.71%)]	Loss: 9.54	Error: 2.11
train: 70.96 [540.00/560.00 (96.43%)]	Loss: 6.75	Error: 1.98
train: 71.00 [560.00/560.00 (100.00%)]	Loss: 11.85	Error: 2.65
train loss: 103.82505798339844

val: 70.32 [60.00/187.00 (32.09%)]	Loss: 27.94	Error: 3.29
val: 70.64 [120.00/187.00 (64.17%)]	Loss: 20.75	Error: 3.17
val: 70.96 [180.00/187.00 (96.26%)]	Loss: 28.15	Error: 3.24
val: 71.00 [187.00/187.00 (100.00%)]	Loss: 16.47	Error: 2.87
val loss: 93.3175277709961

train: 71.11 [60.00/560.00 (10.71%)]	Loss: 15.26	Error: 2.28
train: 71.21 [120.00/560.00 (21.43%)]	Loss: 8.28	Error: 2.14
train: 71.32 [180.00/560.00 (32.14%)]	Loss: 14.65	Error: 2.64
train: 71.43 [240.00/560.00 (42.86%)]	Loss: 8.70	Error: 2.02
train: 71.54 [300.00/560.00 (53.57%)]	Loss: 8.52	Error: 2.22
train: 71.64 [360.00/560.00 (64.29%)]	Loss: 9.93	Error: 2.11
train: 71.75 [420.00/560.00 (75.00%)]	Loss: 8.85	Error: 2.16
train: 71.86 [480.00/560.00 (85.71%)]	Loss: 8.97	Error: 2.19
train: 71.96 [540.00/560.00 (96.43%)]	Loss: 7.21	Error: 1.94
train: 72.00 [560.00/560.00 (100.00%)]	Loss: 16.80	Error: 3.02
train loss: 107.15089416503906

val: 71.32 [60.00/187.00 (32.09%)]	Loss: 32.35	Error: 3.61
val: 71.64 [120.00/187.00 (64.17%)]	Loss: 22.23	Error: 2.99
val: 71.96 [180.00/187.00 (96.26%)]	Loss: 19.75	Error: 2.84
val: 72.00 [187.00/187.00 (100.00%)]	Loss: 5.74	Error: 1.81
val loss: 80.07821655273438

Saving State Dict: new best loss is tensor(80.0782, device='cuda:0')

train: 72.11 [60.00/560.00 (10.71%)]	Loss: 18.66	Error: 2.76
train: 72.21 [120.00/560.00 (21.43%)]	Loss: 7.81	Error: 1.89
train: 72.32 [180.00/560.00 (32.14%)]	Loss: 6.85	Error: 1.94
train: 72.43 [240.00/560.00 (42.86%)]	Loss: 9.96	Error: 2.26
train: 72.54 [300.00/560.00 (53.57%)]	Loss: 7.60	Error: 1.98
train: 72.64 [360.00/560.00 (64.29%)]	Loss: 16.33	Error: 2.87
train: 72.75 [420.00/560.00 (75.00%)]	Loss: 11.57	Error: 2.33
train: 72.86 [480.00/560.00 (85.71%)]	Loss: 6.98	Error: 1.94
train: 72.96 [540.00/560.00 (96.43%)]	Loss: 9.11	Error: 2.20
train: 73.00 [560.00/560.00 (100.00%)]	Loss: 16.70	Error: 3.28
train loss: 111.57591247558594

val: 72.32 [60.00/187.00 (32.09%)]	Loss: 26.21	Error: 3.23
val: 72.64 [120.00/187.00 (64.17%)]	Loss: 21.19	Error: 3.12
val: 72.96 [180.00/187.00 (96.26%)]	Loss: 25.75	Error: 3.27
val: 73.00 [187.00/187.00 (100.00%)]	Loss: 31.32	Error: 3.88
val loss: 104.4658203125

train: 73.11 [60.00/560.00 (10.71%)]	Loss: 14.35	Error: 2.68
train: 73.21 [120.00/560.00 (21.43%)]	Loss: 10.56	Error: 2.29
train: 73.32 [180.00/560.00 (32.14%)]	Loss: 7.42	Error: 2.02
train: 73.43 [240.00/560.00 (42.86%)]	Loss: 8.27	Error: 2.18
train: 73.54 [300.00/560.00 (53.57%)]	Loss: 10.31	Error: 2.25
train: 73.64 [360.00/560.00 (64.29%)]	Loss: 15.01	Error: 2.32
train: 73.75 [420.00/560.00 (75.00%)]	Loss: 8.25	Error: 2.04
train: 73.86 [480.00/560.00 (85.71%)]	Loss: 11.33	Error: 2.42
train: 73.96 [540.00/560.00 (96.43%)]	Loss: 7.23	Error: 2.08
train: 74.00 [560.00/560.00 (100.00%)]	Loss: 19.73	Error: 3.49
train loss: 112.45905303955078

val: 73.32 [60.00/187.00 (32.09%)]	Loss: 20.64	Error: 2.99
val: 73.64 [120.00/187.00 (64.17%)]	Loss: 36.17	Error: 3.56
val: 73.96 [180.00/187.00 (96.26%)]	Loss: 19.52	Error: 3.14
val: 74.00 [187.00/187.00 (100.00%)]	Loss: 14.77	Error: 2.81
val loss: 91.10624694824219

train: 74.11 [60.00/560.00 (10.71%)]	Loss: 9.72	Error: 2.28
train: 74.21 [120.00/560.00 (21.43%)]	Loss: 10.84	Error: 2.33
train: 74.32 [180.00/560.00 (32.14%)]	Loss: 7.26	Error: 2.02
train: 74.43 [240.00/560.00 (42.86%)]	Loss: 11.28	Error: 2.23
train: 74.54 [300.00/560.00 (53.57%)]	Loss: 6.40	Error: 1.91
train: 74.64 [360.00/560.00 (64.29%)]	Loss: 18.09	Error: 2.83
train: 74.75 [420.00/560.00 (75.00%)]	Loss: 6.09	Error: 1.86
train: 74.86 [480.00/560.00 (85.71%)]	Loss: 7.46	Error: 2.02
train: 74.96 [540.00/560.00 (96.43%)]	Loss: 8.30	Error: 2.12
train: 75.00 [560.00/560.00 (100.00%)]	Loss: 28.85	Error: 3.81
train loss: 114.27421569824219

val: 74.32 [60.00/187.00 (32.09%)]	Loss: 23.04	Error: 3.16
val: 74.64 [120.00/187.00 (64.17%)]	Loss: 31.04	Error: 3.34
val: 74.96 [180.00/187.00 (96.26%)]	Loss: 22.60	Error: 3.19
val: 75.00 [187.00/187.00 (100.00%)]	Loss: 14.95	Error: 2.87
val loss: 91.63251495361328

train: 75.11 [60.00/560.00 (10.71%)]	Loss: 7.55	Error: 2.02
train: 75.21 [120.00/560.00 (21.43%)]	Loss: 10.33	Error: 2.29
train: 75.32 [180.00/560.00 (32.14%)]	Loss: 10.81	Error: 2.23
train: 75.43 [240.00/560.00 (42.86%)]	Loss: 8.77	Error: 2.16
train: 75.54 [300.00/560.00 (53.57%)]	Loss: 10.40	Error: 2.41
train: 75.64 [360.00/560.00 (64.29%)]	Loss: 6.50	Error: 1.87
train: 75.75 [420.00/560.00 (75.00%)]	Loss: 19.49	Error: 2.89
train: 75.86 [480.00/560.00 (85.71%)]	Loss: 9.08	Error: 2.28
train: 75.96 [540.00/560.00 (96.43%)]	Loss: 11.79	Error: 2.59
train: 76.00 [560.00/560.00 (100.00%)]	Loss: 13.57	Error: 2.68
train loss: 108.27473449707031

val: 75.32 [60.00/187.00 (32.09%)]	Loss: 17.57	Error: 2.86
val: 75.64 [120.00/187.00 (64.17%)]	Loss: 32.05	Error: 3.46
val: 75.96 [180.00/187.00 (96.26%)]	Loss: 25.32	Error: 3.32
val: 76.00 [187.00/187.00 (100.00%)]	Loss: 18.49	Error: 2.98
val loss: 93.43438720703125

train: 76.11 [60.00/560.00 (10.71%)]	Loss: 11.50	Error: 2.01
train: 76.21 [120.00/560.00 (21.43%)]	Loss: 13.42	Error: 2.65
train: 76.32 [180.00/560.00 (32.14%)]	Loss: 7.70	Error: 2.07
train: 76.43 [240.00/560.00 (42.86%)]	Loss: 8.48	Error: 2.05
train: 76.54 [300.00/560.00 (53.57%)]	Loss: 7.54	Error: 1.97
train: 76.64 [360.00/560.00 (64.29%)]	Loss: 13.10	Error: 2.71
train: 76.75 [420.00/560.00 (75.00%)]	Loss: 11.50	Error: 2.39
train: 76.86 [480.00/560.00 (85.71%)]	Loss: 8.17	Error: 1.94
train: 76.96 [540.00/560.00 (96.43%)]	Loss: 7.40	Error: 1.99
train: 77.00 [560.00/560.00 (100.00%)]	Loss: 20.41	Error: 3.34
train loss: 109.21031951904297

val: 76.32 [60.00/187.00 (32.09%)]	Loss: 21.36	Error: 3.09
val: 76.64 [120.00/187.00 (64.17%)]	Loss: 23.92	Error: 3.21
val: 76.96 [180.00/187.00 (96.26%)]	Loss: 30.55	Error: 3.52
val: 77.00 [187.00/187.00 (100.00%)]	Loss: 36.22	Error: 3.53
val loss: 112.04814147949219

train: 77.11 [60.00/560.00 (10.71%)]	Loss: 6.24	Error: 1.85
train: 77.21 [120.00/560.00 (21.43%)]	Loss: 11.62	Error: 2.02
train: 77.32 [180.00/560.00 (32.14%)]	Loss: 9.83	Error: 2.31
train: 77.43 [240.00/560.00 (42.86%)]	Loss: 6.97	Error: 1.94
train: 77.54 [300.00/560.00 (53.57%)]	Loss: 9.59	Error: 2.27
train: 77.64 [360.00/560.00 (64.29%)]	Loss: 8.28	Error: 2.01
train: 77.75 [420.00/560.00 (75.00%)]	Loss: 8.25	Error: 1.96
train: 77.86 [480.00/560.00 (85.71%)]	Loss: 6.64	Error: 1.87
train: 77.96 [540.00/560.00 (96.43%)]	Loss: 9.53	Error: 2.17
train: 78.00 [560.00/560.00 (100.00%)]	Loss: 10.07	Error: 2.40
train loss: 87.02951049804688

val: 77.32 [60.00/187.00 (32.09%)]	Loss: 21.16	Error: 3.12
val: 77.64 [120.00/187.00 (64.17%)]	Loss: 22.20	Error: 2.98
val: 77.96 [180.00/187.00 (96.26%)]	Loss: 31.02	Error: 3.45
val: 78.00 [187.00/187.00 (100.00%)]	Loss: 10.24	Error: 2.37
val loss: 84.61170196533203

train: 78.11 [60.00/560.00 (10.71%)]	Loss: 14.61	Error: 2.47
train: 78.21 [120.00/560.00 (21.43%)]	Loss: 6.70	Error: 2.00
train: 78.32 [180.00/560.00 (32.14%)]	Loss: 9.88	Error: 2.26
train: 78.43 [240.00/560.00 (42.86%)]	Loss: 15.92	Error: 2.83
train: 78.54 [300.00/560.00 (53.57%)]	Loss: 7.76	Error: 2.09
train: 78.64 [360.00/560.00 (64.29%)]	Loss: 10.19	Error: 2.20
train: 78.75 [420.00/560.00 (75.00%)]	Loss: 8.65	Error: 2.21
train: 78.86 [480.00/560.00 (85.71%)]	Loss: 7.05	Error: 2.04
train: 78.96 [540.00/560.00 (96.43%)]	Loss: 13.42	Error: 2.80
train: 79.00 [560.00/560.00 (100.00%)]	Loss: 14.77	Error: 2.82
train loss: 108.94261169433594

val: 78.32 [60.00/187.00 (32.09%)]	Loss: 24.30	Error: 3.12
val: 78.64 [120.00/187.00 (64.17%)]	Loss: 23.22	Error: 3.05
val: 78.96 [180.00/187.00 (96.26%)]	Loss: 28.49	Error: 3.30
val: 79.00 [187.00/187.00 (100.00%)]	Loss: 19.10	Error: 3.41
val loss: 95.10748291015625

train: 79.11 [60.00/560.00 (10.71%)]	Loss: 5.95	Error: 1.76
train: 79.21 [120.00/560.00 (21.43%)]	Loss: 9.38	Error: 2.09
train: 79.32 [180.00/560.00 (32.14%)]	Loss: 11.59	Error: 2.11
train: 79.43 [240.00/560.00 (42.86%)]	Loss: 9.03	Error: 2.13
train: 79.54 [300.00/560.00 (53.57%)]	Loss: 9.06	Error: 2.20
train: 79.64 [360.00/560.00 (64.29%)]	Loss: 7.30	Error: 2.05
train: 79.75 [420.00/560.00 (75.00%)]	Loss: 9.56	Error: 2.28
train: 79.86 [480.00/560.00 (85.71%)]	Loss: 6.80	Error: 1.96
train: 79.96 [540.00/560.00 (96.43%)]	Loss: 8.93	Error: 2.15
train: 80.00 [560.00/560.00 (100.00%)]	Loss: 10.50	Error: 2.49
train loss: 88.08589935302734

val: 79.32 [60.00/187.00 (32.09%)]	Loss: 28.99	Error: 3.42
val: 79.64 [120.00/187.00 (64.17%)]	Loss: 23.44	Error: 3.12
val: 79.96 [180.00/187.00 (96.26%)]	Loss: 19.64	Error: 2.90
val: 80.00 [187.00/187.00 (100.00%)]	Loss: 9.98	Error: 2.35
val loss: 82.05833435058594

State file found, loading...
0
1
2
3
4
5
6
7
8
9
10
11
12
13
14
15
16
17
18
19
20
21
22
23
24
25
26
27
28
29
30
31
32
33
34
35
36
37
38
39
40
41
42
43
44
45
46
47
48
49
50
51
52
53
54
55
56
57
58
59
60
61
62
63
64
65
66
67
68
69
70
71
72
73
74
75
76
77
78
79
80
81
82
83
84
85
86
87
88
89
90
91
92
93
94
95
96
97
98
99
100
101
102
103
104
105
106
107
108
109
110
111
112
113
114
115
116
117
118
119
120
121
122
123
124
125
126
127
128
129
130
131
132
133
134
135
136
137
138
139
140
141
142
143
144
145
146
147
148
149
150
151
152
153
154
155
156
157
158
159
160
161
162
163
164
165
166
167
168
169
170
171
172
173
174
175
176
177
178
179
180
181
182
183
184
185
186
